free(): invalid next size (normal)
/var/spool/slurm/d/job25177396/slurm_script: line 30: 85274 Aborted                 (core dumped) ./build/mgardx_omp $d $eb
free(): invalid pointer
/var/spool/slurm/d/job25177396/slurm_script: line 30: 85288 Aborted                 (core dumped) ./build/mgardx_omp $d $eb
free(): invalid pointer
/var/spool/slurm/d/job25177396/slurm_script: line 30: 86490 Aborted                 (core dumped) ./build/mgardx_omp $d $eb
malloc(): unaligned tcache chunk detected
/var/spool/slurm/d/job25177396/slurm_script: line 30: 86497 Aborted                 (core dumped) ./build/mgardx_omp $d $eb
[e004:86515:0:86515] Caught signal 11 (Segmentation fault: address not mapped to object at address (nil))
==== backtrace (tid:  86515) ====
 0  /jet/packages/spack/opt/spack/linux-centos8-zen2/gcc-10.2.0/ucx-1.9.0-hcxgpzalplefzn5amy3nzwdix4cpbift/lib/libucs.so.0(ucs_handle_error+0x254) [0x150a178a95c4]
 1  /jet/packages/spack/opt/spack/linux-centos8-zen2/gcc-10.2.0/ucx-1.9.0-hcxgpzalplefzn5amy3nzwdix4cpbift/lib/libucs.so.0(+0x257a7) [0x150a178a97a7]
 2  /jet/packages/spack/opt/spack/linux-centos8-zen2/gcc-10.2.0/ucx-1.9.0-hcxgpzalplefzn5amy3nzwdix4cpbift/lib/libucs.so.0(+0x25a7e) [0x150a178a9a7e]
 3  /lib64/libpthread.so.0(+0x12cf0) [0x150a1aa24cf0]
 4  /jet/home/gwilkins/mgard/build/lib64/libmgard.so.1(+0xb267e0) [0x150a1c1077e0]
 5  /jet/packages/spack/opt/spack/linux-centos8-zen/gcc-8.3.1/gcc-10.2.0-tfzxq7udz2a53dmujvasy4uz33t27iwv/lib64/libgomp.so.1(GOMP_parallel+0x42) [0x150a1b142a62]
 6  /jet/home/gwilkins/mgard/build/lib64/libmgard.so.1(_ZN7mgard_x31OpenmpHuffmanCLCustomizedKernelINS_4TaskINS_17GenerateCLFunctorIjNS_6OPENMPEEEEEEEvT_+0x1c87) [0x150a1c124467]
 7  /jet/home/gwilkins/mgard/build/lib64/libmgard.so.1(_ZN7mgard_x14DeviceLauncherINS_6OPENMPEE7ExecuteINS_4TaskINS_17GenerateCLFunctorIjS1_EEEEEENS_15ExecutionReturnERT_+0x325) [0x150a1c124ee5]
 8  /jet/home/gwilkins/mgard/build/lib64/libmgard.so.1(_ZN7mgard_x11GetCodebookImlmNS_6OPENMPEEEviNS_8SubArrayILh1EjT2_EENS2_ILh1ET1_S3_EENS2_ILh1EhS3_EERNS_16HuffmanWorkspaceIT_T0_S5_S3_EEi+0x146a) [0x150a1c12d41a]
 9  /jet/home/gwilkins/mgard/build/lib64/libmgard.so.1(_ZN7mgard_x7HuffmanImlmNS_6OPENMPEE15CompressPrimaryERNS_5ArrayILh1EmS1_EERNS3_ILh1EhS1_EEi+0x295) [0x150a1c12f305]
10  /jet/home/gwilkins/mgard/build/lib64/libmgard.so.1(_ZN7mgard_x10CompressorILh3EfNS_6OPENMPEE16LosslessCompressERNS_5ArrayILh1EhS1_EEi+0xab) [0x150a1c1a979b]
11  /jet/home/gwilkins/mgard/build/lib64/libmgard.so.1(_ZN7mgard_x10CompressorILh3EfNS_6OPENMPEE8CompressERNS_5ArrayILh3EfS1_EENS_16error_bound_typeEffRfRNS3_ILh1EhS1_EEi+0x1bd) [0x150a1c1a9ddd]
12  /jet/home/gwilkins/mgard/build/lib64/libmgard.so.1(_ZN7mgard_x17compress_pipelineILh3EfNS_6OPENMPENS_10CompressorILh3EfS1_EEEENS_20compress_status_typeERNS_16DomainDecomposerIXT_ET0_T2_T1_EES6_S6_RS6_NS_16error_bound_typeERNS_6ConfigEPhRm+0x15b2) [0x150a1c2ed932]
13  /jet/home/gwilkins/mgard/build/lib64/libmgard.so.1(_ZN7mgard_x16general_compressILh3EfNS_6OPENMPENS_10CompressorILh3EfS1_EEEENS_20compress_status_typeESt6vectorImSaImEET0_S8_NS_16error_bound_typeEPKvRPvRmNS_6ConfigEbS5_IPS8_SaISG_EEb+0xcd1) [0x150a1c32cc51]
14  /jet/home/gwilkins/mgard/build/lib64/libmgard.so.1(_ZN7mgard_x8compressILh3EfNS_6OPENMPEEENS_20compress_status_typeESt6vectorImSaImEET0_S6_NS_16error_bound_typeEPKvRPvRmNS_6ConfigEb+0xce) [0x150a1c33019e]
15  /jet/home/gwilkins/mgard/build/lib64/libmgard.so.1(_ZN7mgard_x8compressINS_6OPENMPEEENS_20compress_status_typeEhNS_9data_typeESt6vectorImSaImEEddNS_16error_bound_typeEPKvRPvRmNS_6ConfigEb+0x41c) [0x150a1c34f20c]
16  /jet/home/gwilkins/mgard/build/lib64/libmgard.so.1(_ZN7mgard_x8compressEhNS_9data_typeESt6vectorImSaImEEddNS_16error_bound_typeEPKvRPvRmNS_6ConfigEb+0x36e) [0x150a1b770b3e]
17  ./build/mgardx_omp() [0x40377b]
18  /lib64/libc.so.6(__libc_start_main+0xe5) [0x150a193a6d85]
19  ./build/mgardx_omp() [0x4029ee]
=================================
/var/spool/slurm/d/job25177396/slurm_script: line 30: 86515 Segmentation fault      (core dumped) ./build/mgardx_omp $d $eb
double free or corruption (out)
/var/spool/slurm/d/job25177396/slurm_script: line 30: 87778 Aborted                 (core dumped) ./build/mgardx_omp $d $eb
malloc(): unaligned tcache chunk detected
/var/spool/slurm/d/job25177396/slurm_script: line 30: 87785 Aborted                 (core dumped) ./build/mgardx_omp $d $eb
[e004:87799:0:87799] Caught signal 11 (Segmentation fault: address not mapped to object at address 0xfffffff8)
==== backtrace (tid:  87799) ====
 0  /jet/packages/spack/opt/spack/linux-centos8-zen2/gcc-10.2.0/ucx-1.9.0-hcxgpzalplefzn5amy3nzwdix4cpbift/lib/libucs.so.0(ucs_handle_error+0x254) [0x14cc0c6135c4]
 1  /jet/packages/spack/opt/spack/linux-centos8-zen2/gcc-10.2.0/ucx-1.9.0-hcxgpzalplefzn5amy3nzwdix4cpbift/lib/libucs.so.0(+0x257a7) [0x14cc0c6137a7]
 2  /jet/packages/spack/opt/spack/linux-centos8-zen2/gcc-10.2.0/ucx-1.9.0-hcxgpzalplefzn5amy3nzwdix4cpbift/lib/libucs.so.0(+0x25a7e) [0x14cc0c613a7e]
 3  /lib64/libpthread.so.0(+0x12cf0) [0x14cc0f78ecf0]
 4  /lib64/libc.so.6(cfree+0x21) [0x14cc0e171e41]
 5  /jet/home/gwilkins/mgard/build/lib64/libmgard.so.1(_ZN7mgard_x31OpenmpHuffmanCLCustomizedKernelINS_4TaskINS_17GenerateCLFunctorIjNS_6OPENMPEEEEEEEvT_+0x1e21) [0x14cc10e8e601]
 6  /jet/home/gwilkins/mgard/build/lib64/libmgard.so.1(_ZN7mgard_x14DeviceLauncherINS_6OPENMPEE7ExecuteINS_4TaskINS_17GenerateCLFunctorIjS1_EEEEEENS_15ExecutionReturnERT_+0x325) [0x14cc10e8eee5]
 7  /jet/home/gwilkins/mgard/build/lib64/libmgard.so.1(_ZN7mgard_x11GetCodebookImlmNS_6OPENMPEEEviNS_8SubArrayILh1EjT2_EENS2_ILh1ET1_S3_EENS2_ILh1EhS3_EERNS_16HuffmanWorkspaceIT_T0_S5_S3_EEi+0x146a) [0x14cc10e9741a]
 8  /jet/home/gwilkins/mgard/build/lib64/libmgard.so.1(_ZN7mgard_x7HuffmanImlmNS_6OPENMPEE15CompressPrimaryERNS_5ArrayILh1EmS1_EERNS3_ILh1EhS1_EEi+0x295) [0x14cc10e99305]
 9  /jet/home/gwilkins/mgard/build/lib64/libmgard.so.1(_ZN7mgard_x10CompressorILh3EfNS_6OPENMPEE16LosslessCompressERNS_5ArrayILh1EhS1_EEi+0xab) [0x14cc10f1379b]
10  /jet/home/gwilkins/mgard/build/lib64/libmgard.so.1(_ZN7mgard_x10CompressorILh3EfNS_6OPENMPEE8CompressERNS_5ArrayILh3EfS1_EENS_16error_bound_typeEffRfRNS3_ILh1EhS1_EEi+0x1bd) [0x14cc10f13ddd]
11  /jet/home/gwilkins/mgard/build/lib64/libmgard.so.1(_ZN7mgard_x17compress_pipelineILh3EfNS_6OPENMPENS_10CompressorILh3EfS1_EEEENS_20compress_status_typeERNS_16DomainDecomposerIXT_ET0_T2_T1_EES6_S6_RS6_NS_16error_bound_typeERNS_6ConfigEPhRm+0x15b2) [0x14cc11057932]
12  /jet/home/gwilkins/mgard/build/lib64/libmgard.so.1(_ZN7mgard_x16general_compressILh3EfNS_6OPENMPENS_10CompressorILh3EfS1_EEEENS_20compress_status_typeESt6vectorImSaImEET0_S8_NS_16error_bound_typeEPKvRPvRmNS_6ConfigEbS5_IPS8_SaISG_EEb+0xcd1) [0x14cc11096c51]
13  /jet/home/gwilkins/mgard/build/lib64/libmgard.so.1(_ZN7mgard_x8compressILh3EfNS_6OPENMPEEENS_20compress_status_typeESt6vectorImSaImEET0_S6_NS_16error_bound_typeEPKvRPvRmNS_6ConfigEb+0xce) [0x14cc1109a19e]
14  /jet/home/gwilkins/mgard/build/lib64/libmgard.so.1(_ZN7mgard_x8compressINS_6OPENMPEEENS_20compress_status_typeEhNS_9data_typeESt6vectorImSaImEEddNS_16error_bound_typeEPKvRPvRmNS_6ConfigEb+0x41c) [0x14cc110b920c]
15  /jet/home/gwilkins/mgard/build/lib64/libmgard.so.1(_ZN7mgard_x8compressEhNS_9data_typeESt6vectorImSaImEEddNS_16error_bound_typeEPKvRPvRmNS_6ConfigEb+0x36e) [0x14cc104dab3e]
16  ./build/mgardx_omp() [0x40377b]
17  /lib64/libc.so.6(__libc_start_main+0xe5) [0x14cc0e110d85]
18  ./build/mgardx_omp() [0x4029ee]
=================================
/var/spool/slurm/d/job25177396/slurm_script: line 30: 87799 Segmentation fault      (core dumped) ./build/mgardx_omp $d $eb
free(): invalid pointer
/var/spool/slurm/d/job25177396/slurm_script: line 30: 88991 Aborted                 (core dumped) ./build/mgardx_omp $d $eb
malloc(): unaligned tcache chunk detected
/var/spool/slurm/d/job25177396/slurm_script: line 30: 88998 Aborted                 (core dumped) ./build/mgardx_omp $d $eb
[e004:89013:0:89013] Caught signal 11 (Segmentation fault: address not mapped to object at address 0xfffffff8)
==== backtrace (tid:  89013) ====
 0  /jet/packages/spack/opt/spack/linux-centos8-zen2/gcc-10.2.0/ucx-1.9.0-hcxgpzalplefzn5amy3nzwdix4cpbift/lib/libucs.so.0(ucs_handle_error+0x254) [0x151cefb895c4]
 1  /jet/packages/spack/opt/spack/linux-centos8-zen2/gcc-10.2.0/ucx-1.9.0-hcxgpzalplefzn5amy3nzwdix4cpbift/lib/libucs.so.0(+0x257a7) [0x151cefb897a7]
 2  /jet/packages/spack/opt/spack/linux-centos8-zen2/gcc-10.2.0/ucx-1.9.0-hcxgpzalplefzn5amy3nzwdix4cpbift/lib/libucs.so.0(+0x25a7e) [0x151cefb89a7e]
 3  /lib64/libpthread.so.0(+0x12cf0) [0x151cf2d04cf0]
 4  /lib64/libc.so.6(cfree+0x21) [0x151cf16e7e41]
 5  /jet/home/gwilkins/mgard/build/lib64/libmgard.so.1(_ZN7mgard_x31OpenmpHuffmanCLCustomizedKernelINS_4TaskINS_17GenerateCLFunctorIjNS_6OPENMPEEEEEEEvT_+0x1e21) [0x151cf4404601]
 6  /jet/home/gwilkins/mgard/build/lib64/libmgard.so.1(_ZN7mgard_x14DeviceLauncherINS_6OPENMPEE7ExecuteINS_4TaskINS_17GenerateCLFunctorIjS1_EEEEEENS_15ExecutionReturnERT_+0x325) [0x151cf4404ee5]
 7  /jet/home/gwilkins/mgard/build/lib64/libmgard.so.1(_ZN7mgard_x11GetCodebookImlmNS_6OPENMPEEEviNS_8SubArrayILh1EjT2_EENS2_ILh1ET1_S3_EENS2_ILh1EhS3_EERNS_16HuffmanWorkspaceIT_T0_S5_S3_EEi+0x146a) [0x151cf440d41a]
 8  /jet/home/gwilkins/mgard/build/lib64/libmgard.so.1(_ZN7mgard_x7HuffmanImlmNS_6OPENMPEE15CompressPrimaryERNS_5ArrayILh1EmS1_EERNS3_ILh1EhS1_EEi+0x295) [0x151cf440f305]
 9  /jet/home/gwilkins/mgard/build/lib64/libmgard.so.1(_ZN7mgard_x10CompressorILh3EfNS_6OPENMPEE16LosslessCompressERNS_5ArrayILh1EhS1_EEi+0xab) [0x151cf448979b]
10  /jet/home/gwilkins/mgard/build/lib64/libmgard.so.1(_ZN7mgard_x10CompressorILh3EfNS_6OPENMPEE8CompressERNS_5ArrayILh3EfS1_EENS_16error_bound_typeEffRfRNS3_ILh1EhS1_EEi+0x1bd) [0x151cf4489ddd]
11  /jet/home/gwilkins/mgard/build/lib64/libmgard.so.1(_ZN7mgard_x17compress_pipelineILh3EfNS_6OPENMPENS_10CompressorILh3EfS1_EEEENS_20compress_status_typeERNS_16DomainDecomposerIXT_ET0_T2_T1_EES6_S6_RS6_NS_16error_bound_typeERNS_6ConfigEPhRm+0x15b2) [0x151cf45cd932]
12  /jet/home/gwilkins/mgard/build/lib64/libmgard.so.1(_ZN7mgard_x16general_compressILh3EfNS_6OPENMPENS_10CompressorILh3EfS1_EEEENS_20compress_status_typeESt6vectorImSaImEET0_S8_NS_16error_bound_typeEPKvRPvRmNS_6ConfigEbS5_IPS8_SaISG_EEb+0xcd1) [0x151cf460cc51]
13  /jet/home/gwilkins/mgard/build/lib64/libmgard.so.1(_ZN7mgard_x8compressILh3EfNS_6OPENMPEEENS_20compress_status_typeESt6vectorImSaImEET0_S6_NS_16error_bound_typeEPKvRPvRmNS_6ConfigEb+0xce) [0x151cf461019e]
14  /jet/home/gwilkins/mgard/build/lib64/libmgard.so.1(_ZN7mgard_x8compressINS_6OPENMPEEENS_20compress_status_typeEhNS_9data_typeESt6vectorImSaImEEddNS_16error_bound_typeEPKvRPvRmNS_6ConfigEb+0x41c) [0x151cf462f20c]
15  /jet/home/gwilkins/mgard/build/lib64/libmgard.so.1(_ZN7mgard_x8compressEhNS_9data_typeESt6vectorImSaImEEddNS_16error_bound_typeEPKvRPvRmNS_6ConfigEb+0x36e) [0x151cf3a50b3e]
16  ./build/mgardx_omp() [0x40377b]
17  /lib64/libc.so.6(__libc_start_main+0xe5) [0x151cf1686d85]
18  ./build/mgardx_omp() [0x4029ee]
=================================
/var/spool/slurm/d/job25177396/slurm_script: line 30: 89013 Segmentation fault      (core dumped) ./build/mgardx_omp $d $eb
free(): invalid pointer
/var/spool/slurm/d/job25177396/slurm_script: line 30: 90885 Aborted                 (core dumped) ./build/mgardx_omp $d $eb
malloc(): unaligned tcache chunk detected
/var/spool/slurm/d/job25177396/slurm_script: line 30: 90892 Aborted                 (core dumped) ./build/mgardx_omp $d $eb
[e004:90906:0:90906] Caught signal 11 (Segmentation fault: address not mapped to object at address 0xfffffff8)
==== backtrace (tid:  90906) ====
 0  /jet/packages/spack/opt/spack/linux-centos8-zen2/gcc-10.2.0/ucx-1.9.0-hcxgpzalplefzn5amy3nzwdix4cpbift/lib/libucs.so.0(ucs_handle_error+0x254) [0x148dff7895c4]
 1  /jet/packages/spack/opt/spack/linux-centos8-zen2/gcc-10.2.0/ucx-1.9.0-hcxgpzalplefzn5amy3nzwdix4cpbift/lib/libucs.so.0(+0x257a7) [0x148dff7897a7]
 2  /jet/packages/spack/opt/spack/linux-centos8-zen2/gcc-10.2.0/ucx-1.9.0-hcxgpzalplefzn5amy3nzwdix4cpbift/lib/libucs.so.0(+0x25a7e) [0x148dff789a7e]
 3  /lib64/libpthread.so.0(+0x12cf0) [0x148e02904cf0]
 4  /lib64/libc.so.6(cfree+0x21) [0x148e012e7e41]
 5  /jet/home/gwilkins/mgard/build/lib64/libmgard.so.1(_ZN7mgard_x31OpenmpHuffmanCLCustomizedKernelINS_4TaskINS_17GenerateCLFunctorIjNS_6OPENMPEEEEEEEvT_+0x1e21) [0x148e04004601]
 6  /jet/home/gwilkins/mgard/build/lib64/libmgard.so.1(_ZN7mgard_x14DeviceLauncherINS_6OPENMPEE7ExecuteINS_4TaskINS_17GenerateCLFunctorIjS1_EEEEEENS_15ExecutionReturnERT_+0x325) [0x148e04004ee5]
 7  /jet/home/gwilkins/mgard/build/lib64/libmgard.so.1(_ZN7mgard_x11GetCodebookImlmNS_6OPENMPEEEviNS_8SubArrayILh1EjT2_EENS2_ILh1ET1_S3_EENS2_ILh1EhS3_EERNS_16HuffmanWorkspaceIT_T0_S5_S3_EEi+0x146a) [0x148e0400d41a]
 8  /jet/home/gwilkins/mgard/build/lib64/libmgard.so.1(_ZN7mgard_x7HuffmanImlmNS_6OPENMPEE15CompressPrimaryERNS_5ArrayILh1EmS1_EERNS3_ILh1EhS1_EEi+0x295) [0x148e0400f305]
 9  /jet/home/gwilkins/mgard/build/lib64/libmgard.so.1(_ZN7mgard_x10CompressorILh3EfNS_6OPENMPEE16LosslessCompressERNS_5ArrayILh1EhS1_EEi+0xab) [0x148e0408979b]
10  /jet/home/gwilkins/mgard/build/lib64/libmgard.so.1(_ZN7mgard_x10CompressorILh3EfNS_6OPENMPEE8CompressERNS_5ArrayILh3EfS1_EENS_16error_bound_typeEffRfRNS3_ILh1EhS1_EEi+0x1bd) [0x148e04089ddd]
11  /jet/home/gwilkins/mgard/build/lib64/libmgard.so.1(_ZN7mgard_x17compress_pipelineILh3EfNS_6OPENMPENS_10CompressorILh3EfS1_EEEENS_20compress_status_typeERNS_16DomainDecomposerIXT_ET0_T2_T1_EES6_S6_RS6_NS_16error_bound_typeERNS_6ConfigEPhRm+0x15b2) [0x148e041cd932]
12  /jet/home/gwilkins/mgard/build/lib64/libmgard.so.1(_ZN7mgard_x16general_compressILh3EfNS_6OPENMPENS_10CompressorILh3EfS1_EEEENS_20compress_status_typeESt6vectorImSaImEET0_S8_NS_16error_bound_typeEPKvRPvRmNS_6ConfigEbS5_IPS8_SaISG_EEb+0xcd1) [0x148e0420cc51]
13  /jet/home/gwilkins/mgard/build/lib64/libmgard.so.1(_ZN7mgard_x8compressILh3EfNS_6OPENMPEEENS_20compress_status_typeESt6vectorImSaImEET0_S6_NS_16error_bound_typeEPKvRPvRmNS_6ConfigEb+0xce) [0x148e0421019e]
14  /jet/home/gwilkins/mgard/build/lib64/libmgard.so.1(_ZN7mgard_x8compressINS_6OPENMPEEENS_20compress_status_typeEhNS_9data_typeESt6vectorImSaImEEddNS_16error_bound_typeEPKvRPvRmNS_6ConfigEb+0x41c) [0x148e0422f20c]
15  /jet/home/gwilkins/mgard/build/lib64/libmgard.so.1(_ZN7mgard_x8compressEhNS_9data_typeESt6vectorImSaImEEddNS_16error_bound_typeEPKvRPvRmNS_6ConfigEb+0x36e) [0x148e03650b3e]
16  ./build/mgardx_omp() [0x40377b]
17  /lib64/libc.so.6(__libc_start_main+0xe5) [0x148e01286d85]
18  ./build/mgardx_omp() [0x4029ee]
=================================
/var/spool/slurm/d/job25177396/slurm_script: line 30: 90906 Segmentation fault      (core dumped) ./build/mgardx_omp $d $eb
free(): invalid pointer
/var/spool/slurm/d/job25177396/slurm_script: line 30: 92639 Aborted                 (core dumped) ./build/mgardx_omp $d $eb
malloc(): unaligned tcache chunk detected
/var/spool/slurm/d/job25177396/slurm_script: line 30: 92646 Aborted                 (core dumped) ./build/mgardx_omp $d $eb
[e004:92661:0:92661] Caught signal 11 (Segmentation fault: address not mapped to object at address 0xfffffff8)
==== backtrace (tid:  92661) ====
 0  /jet/packages/spack/opt/spack/linux-centos8-zen2/gcc-10.2.0/ucx-1.9.0-hcxgpzalplefzn5amy3nzwdix4cpbift/lib/libucs.so.0(ucs_handle_error+0x254) [0x151592a0d5c4]
 1  /jet/packages/spack/opt/spack/linux-centos8-zen2/gcc-10.2.0/ucx-1.9.0-hcxgpzalplefzn5amy3nzwdix4cpbift/lib/libucs.so.0(+0x257a7) [0x151592a0d7a7]
 2  /jet/packages/spack/opt/spack/linux-centos8-zen2/gcc-10.2.0/ucx-1.9.0-hcxgpzalplefzn5amy3nzwdix4cpbift/lib/libucs.so.0(+0x25a7e) [0x151592a0da7e]
 3  /lib64/libpthread.so.0(+0x12cf0) [0x151595b88cf0]
 4  /lib64/libc.so.6(cfree+0x21) [0x15159456be41]
 5  /jet/home/gwilkins/mgard/build/lib64/libmgard.so.1(_ZN7mgard_x31OpenmpHuffmanCLCustomizedKernelINS_4TaskINS_17GenerateCLFunctorIjNS_6OPENMPEEEEEEEvT_+0x1e21) [0x151597288601]
 6  /jet/home/gwilkins/mgard/build/lib64/libmgard.so.1(_ZN7mgard_x14DeviceLauncherINS_6OPENMPEE7ExecuteINS_4TaskINS_17GenerateCLFunctorIjS1_EEEEEENS_15ExecutionReturnERT_+0x325) [0x151597288ee5]
 7  /jet/home/gwilkins/mgard/build/lib64/libmgard.so.1(_ZN7mgard_x11GetCodebookImlmNS_6OPENMPEEEviNS_8SubArrayILh1EjT2_EENS2_ILh1ET1_S3_EENS2_ILh1EhS3_EERNS_16HuffmanWorkspaceIT_T0_S5_S3_EEi+0x146a) [0x15159729141a]
 8  /jet/home/gwilkins/mgard/build/lib64/libmgard.so.1(_ZN7mgard_x7HuffmanImlmNS_6OPENMPEE15CompressPrimaryERNS_5ArrayILh1EmS1_EERNS3_ILh1EhS1_EEi+0x295) [0x151597293305]
 9  /jet/home/gwilkins/mgard/build/lib64/libmgard.so.1(_ZN7mgard_x10CompressorILh3EfNS_6OPENMPEE16LosslessCompressERNS_5ArrayILh1EhS1_EEi+0xab) [0x15159730d79b]
10  /jet/home/gwilkins/mgard/build/lib64/libmgard.so.1(_ZN7mgard_x10CompressorILh3EfNS_6OPENMPEE8CompressERNS_5ArrayILh3EfS1_EENS_16error_bound_typeEffRfRNS3_ILh1EhS1_EEi+0x1bd) [0x15159730dddd]
11  /jet/home/gwilkins/mgard/build/lib64/libmgard.so.1(_ZN7mgard_x17compress_pipelineILh3EfNS_6OPENMPENS_10CompressorILh3EfS1_EEEENS_20compress_status_typeERNS_16DomainDecomposerIXT_ET0_T2_T1_EES6_S6_RS6_NS_16error_bound_typeERNS_6ConfigEPhRm+0x15b2) [0x151597451932]
12  /jet/home/gwilkins/mgard/build/lib64/libmgard.so.1(_ZN7mgard_x16general_compressILh3EfNS_6OPENMPENS_10CompressorILh3EfS1_EEEENS_20compress_status_typeESt6vectorImSaImEET0_S8_NS_16error_bound_typeEPKvRPvRmNS_6ConfigEbS5_IPS8_SaISG_EEb+0xcd1) [0x151597490c51]
13  /jet/home/gwilkins/mgard/build/lib64/libmgard.so.1(_ZN7mgard_x8compressILh3EfNS_6OPENMPEEENS_20compress_status_typeESt6vectorImSaImEET0_S6_NS_16error_bound_typeEPKvRPvRmNS_6ConfigEb+0xce) [0x15159749419e]
14  /jet/home/gwilkins/mgard/build/lib64/libmgard.so.1(_ZN7mgard_x8compressINS_6OPENMPEEENS_20compress_status_typeEhNS_9data_typeESt6vectorImSaImEEddNS_16error_bound_typeEPKvRPvRmNS_6ConfigEb+0x41c) [0x1515974b320c]
15  /jet/home/gwilkins/mgard/build/lib64/libmgard.so.1(_ZN7mgard_x8compressEhNS_9data_typeESt6vectorImSaImEEddNS_16error_bound_typeEPKvRPvRmNS_6ConfigEb+0x36e) [0x1515968d4b3e]
16  ./build/mgardx_omp() [0x40377b]
17  /lib64/libc.so.6(__libc_start_main+0xe5) [0x15159450ad85]
18  ./build/mgardx_omp() [0x4029ee]
=================================
/var/spool/slurm/d/job25177396/slurm_script: line 30: 92661 Segmentation fault      (core dumped) ./build/mgardx_omp $d $eb
free(): invalid pointer
/var/spool/slurm/d/job25177396/slurm_script: line 30: 94339 Aborted                 (core dumped) ./build/mgardx_omp $d $eb
corrupted size vs. prev_size
/var/spool/slurm/d/job25177396/slurm_script: line 30: 94901 Aborted                 (core dumped) ./build/mgardx_omp $d $eb
double free or corruption (out)
/var/spool/slurm/d/job25177396/slurm_script: line 30: 97379 Aborted                 (core dumped) ./build/mgardx_omp $d $eb
[31m[ERR][0m  MemoryManager<OPENMP>::Malloc1D error.
[e004:97385:0:97385] Caught signal 11 (Segmentation fault: address not mapped to object at address (nil))
==== backtrace (tid:  97385) ====
 0  /jet/packages/spack/opt/spack/linux-centos8-zen2/gcc-10.2.0/ucx-1.9.0-hcxgpzalplefzn5amy3nzwdix4cpbift/lib/libucs.so.0(ucs_handle_error+0x254) [0x1479835bb5c4]
 1  /jet/packages/spack/opt/spack/linux-centos8-zen2/gcc-10.2.0/ucx-1.9.0-hcxgpzalplefzn5amy3nzwdix4cpbift/lib/libucs.so.0(+0x257a7) [0x1479835bb7a7]
 2  /jet/packages/spack/opt/spack/linux-centos8-zen2/gcc-10.2.0/ucx-1.9.0-hcxgpzalplefzn5amy3nzwdix4cpbift/lib/libucs.so.0(+0x25a7e) [0x1479835bba7e]
 3  /lib64/libpthread.so.0(+0x12cf0) [0x147986736cf0]
 4  /lib64/libc.so.6(+0xceebf) [0x14798514cebf]
 5  /jet/home/gwilkins/mgard/build/lib64/libmgard.so.1(_ZN7mgard_x7HuffmanImlmNS_6OPENMPEE15CompressPrimaryERNS_5ArrayILh1EmS1_EERNS3_ILh1EhS1_EEi+0xfd9) [0x147987e42049]
 6  /jet/home/gwilkins/mgard/build/lib64/libmgard.so.1(_ZN7mgard_x10CompressorILh3EfNS_6OPENMPEE16LosslessCompressERNS_5ArrayILh1EhS1_EEi+0xab) [0x147987ebb79b]
 7  /jet/home/gwilkins/mgard/build/lib64/libmgard.so.1(_ZN7mgard_x10CompressorILh3EfNS_6OPENMPEE8CompressERNS_5ArrayILh3EfS1_EENS_16error_bound_typeEffRfRNS3_ILh1EhS1_EEi+0x1bd) [0x147987ebbddd]
 8  /jet/home/gwilkins/mgard/build/lib64/libmgard.so.1(_ZN7mgard_x17compress_pipelineILh3EfNS_6OPENMPENS_10CompressorILh3EfS1_EEEENS_20compress_status_typeERNS_16DomainDecomposerIXT_ET0_T2_T1_EES6_S6_RS6_NS_16error_bound_typeERNS_6ConfigEPhRm+0x15b2) [0x147987fff932]
 9  /jet/home/gwilkins/mgard/build/lib64/libmgard.so.1(_ZN7mgard_x16general_compressILh3EfNS_6OPENMPENS_10CompressorILh3EfS1_EEEENS_20compress_status_typeESt6vectorImSaImEET0_S8_NS_16error_bound_typeEPKvRPvRmNS_6ConfigEbS5_IPS8_SaISG_EEb+0xcd1) [0x14798803ec51]
10  /jet/home/gwilkins/mgard/build/lib64/libmgard.so.1(_ZN7mgard_x8compressILh3EfNS_6OPENMPEEENS_20compress_status_typeESt6vectorImSaImEET0_S6_NS_16error_bound_typeEPKvRPvRmNS_6ConfigEb+0xce) [0x14798804219e]
11  /jet/home/gwilkins/mgard/build/lib64/libmgard.so.1(_ZN7mgard_x8compressINS_6OPENMPEEENS_20compress_status_typeEhNS_9data_typeESt6vectorImSaImEEddNS_16error_bound_typeEPKvRPvRmNS_6ConfigEb+0x41c) [0x14798806120c]
12  /jet/home/gwilkins/mgard/build/lib64/libmgard.so.1(_ZN7mgard_x8compressEhNS_9data_typeESt6vectorImSaImEEddNS_16error_bound_typeEPKvRPvRmNS_6ConfigEb+0x36e) [0x147987482b3e]
13  ./build/mgardx_omp() [0x40377b]
14  /lib64/libc.so.6(__libc_start_main+0xe5) [0x1479850b8d85]
15  ./build/mgardx_omp() [0x4029ee]
=================================
/var/spool/slurm/d/job25177396/slurm_script: line 30: 97385 Segmentation fault      (core dumped) ./build/mgardx_omp $d $eb
double free or corruption (!prev)
/var/spool/slurm/d/job25177396/slurm_script: line 30: 97403 Aborted                 (core dumped) ./build/mgardx_omp $d $eb
malloc(): unaligned tcache chunk detected
/var/spool/slurm/d/job25177396/slurm_script: line 30: 98597 Aborted                 (core dumped) ./build/mgardx_omp $d $eb
[31m[ERR][0m  MemoryManager<OPENMP>::Malloc1D error.
[e004:98603:0:98603] Caught signal 11 (Segmentation fault: address not mapped to object at address (nil))
==== backtrace (tid:  98603) ====
 0  /jet/packages/spack/opt/spack/linux-centos8-zen2/gcc-10.2.0/ucx-1.9.0-hcxgpzalplefzn5amy3nzwdix4cpbift/lib/libucs.so.0(ucs_handle_error+0x254) [0x1546764e85c4]
 1  /jet/packages/spack/opt/spack/linux-centos8-zen2/gcc-10.2.0/ucx-1.9.0-hcxgpzalplefzn5amy3nzwdix4cpbift/lib/libucs.so.0(+0x257a7) [0x1546764e87a7]
 2  /jet/packages/spack/opt/spack/linux-centos8-zen2/gcc-10.2.0/ucx-1.9.0-hcxgpzalplefzn5amy3nzwdix4cpbift/lib/libucs.so.0(+0x25a7e) [0x1546764e8a7e]
 3  /lib64/libpthread.so.0(+0x12cf0) [0x154679663cf0]
 4  /lib64/libc.so.6(+0xceebf) [0x154678079ebf]
 5  /jet/home/gwilkins/mgard/build/lib64/libmgard.so.1(_ZN7mgard_x7HuffmanImlmNS_6OPENMPEE15CompressPrimaryERNS_5ArrayILh1EmS1_EERNS3_ILh1EhS1_EEi+0xfd9) [0x15467ad6f049]
 6  /jet/home/gwilkins/mgard/build/lib64/libmgard.so.1(_ZN7mgard_x10CompressorILh3EfNS_6OPENMPEE16LosslessCompressERNS_5ArrayILh1EhS1_EEi+0xab) [0x15467ade879b]
 7  /jet/home/gwilkins/mgard/build/lib64/libmgard.so.1(_ZN7mgard_x10CompressorILh3EfNS_6OPENMPEE8CompressERNS_5ArrayILh3EfS1_EENS_16error_bound_typeEffRfRNS3_ILh1EhS1_EEi+0x1bd) [0x15467ade8ddd]
 8  /jet/home/gwilkins/mgard/build/lib64/libmgard.so.1(_ZN7mgard_x17compress_pipelineILh3EfNS_6OPENMPENS_10CompressorILh3EfS1_EEEENS_20compress_status_typeERNS_16DomainDecomposerIXT_ET0_T2_T1_EES6_S6_RS6_NS_16error_bound_typeERNS_6ConfigEPhRm+0x15b2) [0x15467af2c932]
 9  /jet/home/gwilkins/mgard/build/lib64/libmgard.so.1(_ZN7mgard_x16general_compressILh3EfNS_6OPENMPENS_10CompressorILh3EfS1_EEEENS_20compress_status_typeESt6vectorImSaImEET0_S8_NS_16error_bound_typeEPKvRPvRmNS_6ConfigEbS5_IPS8_SaISG_EEb+0xcd1) [0x15467af6bc51]
10  /jet/home/gwilkins/mgard/build/lib64/libmgard.so.1(_ZN7mgard_x8compressILh3EfNS_6OPENMPEEENS_20compress_status_typeESt6vectorImSaImEET0_S6_NS_16error_bound_typeEPKvRPvRmNS_6ConfigEb+0xce) [0x15467af6f19e]
11  /jet/home/gwilkins/mgard/build/lib64/libmgard.so.1(_ZN7mgard_x8compressINS_6OPENMPEEENS_20compress_status_typeEhNS_9data_typeESt6vectorImSaImEEddNS_16error_bound_typeEPKvRPvRmNS_6ConfigEb+0x41c) [0x15467af8e20c]
12  /jet/home/gwilkins/mgard/build/lib64/libmgard.so.1(_ZN7mgard_x8compressEhNS_9data_typeESt6vectorImSaImEEddNS_16error_bound_typeEPKvRPvRmNS_6ConfigEb+0x36e) [0x15467a3afb3e]
13  ./build/mgardx_omp() [0x40377b]
14  /lib64/libc.so.6(__libc_start_main+0xe5) [0x154677fe5d85]
15  ./build/mgardx_omp() [0x4029ee]
=================================
/var/spool/slurm/d/job25177396/slurm_script: line 30: 98603 Segmentation fault      (core dumped) ./build/mgardx_omp $d $eb
double free or corruption (!prev)
/var/spool/slurm/d/job25177396/slurm_script: line 30: 98623 Aborted                 (core dumped) ./build/mgardx_omp $d $eb
malloc(): unaligned tcache chunk detected
/var/spool/slurm/d/job25177396/slurm_script: line 30: 99893 Aborted                 (core dumped) ./build/mgardx_omp $d $eb
[31m[ERR][0m  MemoryManager<OPENMP>::Malloc1D error.
[e004:99900:0:99900] Caught signal 11 (Segmentation fault: address not mapped to object at address (nil))
==== backtrace (tid:  99900) ====
 0  /jet/packages/spack/opt/spack/linux-centos8-zen2/gcc-10.2.0/ucx-1.9.0-hcxgpzalplefzn5amy3nzwdix4cpbift/lib/libucs.so.0(ucs_handle_error+0x254) [0x152b373dd5c4]
 1  /jet/packages/spack/opt/spack/linux-centos8-zen2/gcc-10.2.0/ucx-1.9.0-hcxgpzalplefzn5amy3nzwdix4cpbift/lib/libucs.so.0(+0x257a7) [0x152b373dd7a7]
 2  /jet/packages/spack/opt/spack/linux-centos8-zen2/gcc-10.2.0/ucx-1.9.0-hcxgpzalplefzn5amy3nzwdix4cpbift/lib/libucs.so.0(+0x25a7e) [0x152b373dda7e]
 3  /lib64/libpthread.so.0(+0x12cf0) [0x152b3a558cf0]
 4  /lib64/libc.so.6(+0xceebf) [0x152b38f6eebf]
 5  /jet/home/gwilkins/mgard/build/lib64/libmgard.so.1(_ZN7mgard_x7HuffmanImlmNS_6OPENMPEE15CompressPrimaryERNS_5ArrayILh1EmS1_EERNS3_ILh1EhS1_EEi+0xfd9) [0x152b3bc64049]
 6  /jet/home/gwilkins/mgard/build/lib64/libmgard.so.1(_ZN7mgard_x10CompressorILh3EfNS_6OPENMPEE16LosslessCompressERNS_5ArrayILh1EhS1_EEi+0xab) [0x152b3bcdd79b]
 7  /jet/home/gwilkins/mgard/build/lib64/libmgard.so.1(_ZN7mgard_x10CompressorILh3EfNS_6OPENMPEE8CompressERNS_5ArrayILh3EfS1_EENS_16error_bound_typeEffRfRNS3_ILh1EhS1_EEi+0x1bd) [0x152b3bcddddd]
 8  /jet/home/gwilkins/mgard/build/lib64/libmgard.so.1(_ZN7mgard_x17compress_pipelineILh3EfNS_6OPENMPENS_10CompressorILh3EfS1_EEEENS_20compress_status_typeERNS_16DomainDecomposerIXT_ET0_T2_T1_EES6_S6_RS6_NS_16error_bound_typeERNS_6ConfigEPhRm+0x15b2) [0x152b3be21932]
 9  /jet/home/gwilkins/mgard/build/lib64/libmgard.so.1(_ZN7mgard_x16general_compressILh3EfNS_6OPENMPENS_10CompressorILh3EfS1_EEEENS_20compress_status_typeESt6vectorImSaImEET0_S8_NS_16error_bound_typeEPKvRPvRmNS_6ConfigEbS5_IPS8_SaISG_EEb+0xcd1) [0x152b3be60c51]
10  /jet/home/gwilkins/mgard/build/lib64/libmgard.so.1(_ZN7mgard_x8compressILh3EfNS_6OPENMPEEENS_20compress_status_typeESt6vectorImSaImEET0_S6_NS_16error_bound_typeEPKvRPvRmNS_6ConfigEb+0xce) [0x152b3be6419e]
11  /jet/home/gwilkins/mgard/build/lib64/libmgard.so.1(_ZN7mgard_x8compressINS_6OPENMPEEENS_20compress_status_typeEhNS_9data_typeESt6vectorImSaImEEddNS_16error_bound_typeEPKvRPvRmNS_6ConfigEb+0x41c) [0x152b3be8320c]
12  /jet/home/gwilkins/mgard/build/lib64/libmgard.so.1(_ZN7mgard_x8compressEhNS_9data_typeESt6vectorImSaImEEddNS_16error_bound_typeEPKvRPvRmNS_6ConfigEb+0x36e) [0x152b3b2a4b3e]
13  ./build/mgardx_omp() [0x40377b]
14  /lib64/libc.so.6(__libc_start_main+0xe5) [0x152b38edad85]
15  ./build/mgardx_omp() [0x4029ee]
=================================
/var/spool/slurm/d/job25177396/slurm_script: line 30: 99900 Segmentation fault      (core dumped) ./build/mgardx_omp $d $eb
double free or corruption (!prev)
/var/spool/slurm/d/job25177396/slurm_script: line 30: 99920 Aborted                 (core dumped) ./build/mgardx_omp $d $eb
malloc(): unaligned tcache chunk detected
/var/spool/slurm/d/job25177396/slurm_script: line 30: 101732 Aborted                 (core dumped) ./build/mgardx_omp $d $eb
[31m[ERR][0m  MemoryManager<OPENMP>::Malloc1D error.
[e004:101813:0:101813] Caught signal 11 (Segmentation fault: address not mapped to object at address (nil))
==== backtrace (tid: 101813) ====
 0  /jet/packages/spack/opt/spack/linux-centos8-zen2/gcc-10.2.0/ucx-1.9.0-hcxgpzalplefzn5amy3nzwdix4cpbift/lib/libucs.so.0(ucs_handle_error+0x254) [0x154faa44a5c4]
 1  /jet/packages/spack/opt/spack/linux-centos8-zen2/gcc-10.2.0/ucx-1.9.0-hcxgpzalplefzn5amy3nzwdix4cpbift/lib/libucs.so.0(+0x257a7) [0x154faa44a7a7]
 2  /jet/packages/spack/opt/spack/linux-centos8-zen2/gcc-10.2.0/ucx-1.9.0-hcxgpzalplefzn5amy3nzwdix4cpbift/lib/libucs.so.0(+0x25a7e) [0x154faa44aa7e]
 3  /lib64/libpthread.so.0(+0x12cf0) [0x154fad5c5cf0]
 4  /lib64/libc.so.6(+0xceebf) [0x154fabfdbebf]
 5  /jet/home/gwilkins/mgard/build/lib64/libmgard.so.1(_ZN7mgard_x7HuffmanImlmNS_6OPENMPEE15CompressPrimaryERNS_5ArrayILh1EmS1_EERNS3_ILh1EhS1_EEi+0xfd9) [0x154faecd1049]
 6  /jet/home/gwilkins/mgard/build/lib64/libmgard.so.1(_ZN7mgard_x10CompressorILh3EfNS_6OPENMPEE16LosslessCompressERNS_5ArrayILh1EhS1_EEi+0xab) [0x154faed4a79b]
 7  /jet/home/gwilkins/mgard/build/lib64/libmgard.so.1(_ZN7mgard_x10CompressorILh3EfNS_6OPENMPEE8CompressERNS_5ArrayILh3EfS1_EENS_16error_bound_typeEffRfRNS3_ILh1EhS1_EEi+0x1bd) [0x154faed4addd]
 8  /jet/home/gwilkins/mgard/build/lib64/libmgard.so.1(_ZN7mgard_x17compress_pipelineILh3EfNS_6OPENMPENS_10CompressorILh3EfS1_EEEENS_20compress_status_typeERNS_16DomainDecomposerIXT_ET0_T2_T1_EES6_S6_RS6_NS_16error_bound_typeERNS_6ConfigEPhRm+0x15b2) [0x154faee8e932]
 9  /jet/home/gwilkins/mgard/build/lib64/libmgard.so.1(_ZN7mgard_x16general_compressILh3EfNS_6OPENMPENS_10CompressorILh3EfS1_EEEENS_20compress_status_typeESt6vectorImSaImEET0_S8_NS_16error_bound_typeEPKvRPvRmNS_6ConfigEbS5_IPS8_SaISG_EEb+0xcd1) [0x154faeecdc51]
10  /jet/home/gwilkins/mgard/build/lib64/libmgard.so.1(_ZN7mgard_x8compressILh3EfNS_6OPENMPEEENS_20compress_status_typeESt6vectorImSaImEET0_S6_NS_16error_bound_typeEPKvRPvRmNS_6ConfigEb+0xce) [0x154faeed119e]
11  /jet/home/gwilkins/mgard/build/lib64/libmgard.so.1(_ZN7mgard_x8compressINS_6OPENMPEEENS_20compress_status_typeEhNS_9data_typeESt6vectorImSaImEEddNS_16error_bound_typeEPKvRPvRmNS_6ConfigEb+0x41c) [0x154faeef020c]
12  /jet/home/gwilkins/mgard/build/lib64/libmgard.so.1(_ZN7mgard_x8compressEhNS_9data_typeESt6vectorImSaImEEddNS_16error_bound_typeEPKvRPvRmNS_6ConfigEb+0x36e) [0x154fae311b3e]
13  ./build/mgardx_omp() [0x40377b]
14  /lib64/libc.so.6(__libc_start_main+0xe5) [0x154fabf47d85]
15  ./build/mgardx_omp() [0x4029ee]
=================================
/var/spool/slurm/d/job25177396/slurm_script: line 30: 101813 Segmentation fault      (core dumped) ./build/mgardx_omp $d $eb
double free or corruption (!prev)
/var/spool/slurm/d/job25177396/slurm_script: line 30: 101832 Aborted                 (core dumped) ./build/mgardx_omp $d $eb
malloc(): unaligned tcache chunk detected
/var/spool/slurm/d/job25177396/slurm_script: line 30: 103572 Aborted                 (core dumped) ./build/mgardx_omp $d $eb
[31m[ERR][0m  MemoryManager<OPENMP>::Malloc1D error.
[e004:103578:0:103578] Caught signal 11 (Segmentation fault: address not mapped to object at address (nil))
==== backtrace (tid: 103578) ====
 0  /jet/packages/spack/opt/spack/linux-centos8-zen2/gcc-10.2.0/ucx-1.9.0-hcxgpzalplefzn5amy3nzwdix4cpbift/lib/libucs.so.0(ucs_handle_error+0x254) [0x14b00690b5c4]
 1  /jet/packages/spack/opt/spack/linux-centos8-zen2/gcc-10.2.0/ucx-1.9.0-hcxgpzalplefzn5amy3nzwdix4cpbift/lib/libucs.so.0(+0x257a7) [0x14b00690b7a7]
 2  /jet/packages/spack/opt/spack/linux-centos8-zen2/gcc-10.2.0/ucx-1.9.0-hcxgpzalplefzn5amy3nzwdix4cpbift/lib/libucs.so.0(+0x25a7e) [0x14b00690ba7e]
 3  /lib64/libpthread.so.0(+0x12cf0) [0x14b009a86cf0]
 4  /lib64/libc.so.6(+0xceebf) [0x14b00849cebf]
 5  /jet/home/gwilkins/mgard/build/lib64/libmgard.so.1(_ZN7mgard_x7HuffmanImlmNS_6OPENMPEE15CompressPrimaryERNS_5ArrayILh1EmS1_EERNS3_ILh1EhS1_EEi+0xfd9) [0x14b00b192049]
 6  /jet/home/gwilkins/mgard/build/lib64/libmgard.so.1(_ZN7mgard_x10CompressorILh3EfNS_6OPENMPEE16LosslessCompressERNS_5ArrayILh1EhS1_EEi+0xab) [0x14b00b20b79b]
 7  /jet/home/gwilkins/mgard/build/lib64/libmgard.so.1(_ZN7mgard_x10CompressorILh3EfNS_6OPENMPEE8CompressERNS_5ArrayILh3EfS1_EENS_16error_bound_typeEffRfRNS3_ILh1EhS1_EEi+0x1bd) [0x14b00b20bddd]
 8  /jet/home/gwilkins/mgard/build/lib64/libmgard.so.1(_ZN7mgard_x17compress_pipelineILh3EfNS_6OPENMPENS_10CompressorILh3EfS1_EEEENS_20compress_status_typeERNS_16DomainDecomposerIXT_ET0_T2_T1_EES6_S6_RS6_NS_16error_bound_typeERNS_6ConfigEPhRm+0x15b2) [0x14b00b34f932]
 9  /jet/home/gwilkins/mgard/build/lib64/libmgard.so.1(_ZN7mgard_x16general_compressILh3EfNS_6OPENMPENS_10CompressorILh3EfS1_EEEENS_20compress_status_typeESt6vectorImSaImEET0_S8_NS_16error_bound_typeEPKvRPvRmNS_6ConfigEbS5_IPS8_SaISG_EEb+0xcd1) [0x14b00b38ec51]
10  /jet/home/gwilkins/mgard/build/lib64/libmgard.so.1(_ZN7mgard_x8compressILh3EfNS_6OPENMPEEENS_20compress_status_typeESt6vectorImSaImEET0_S6_NS_16error_bound_typeEPKvRPvRmNS_6ConfigEb+0xce) [0x14b00b39219e]
11  /jet/home/gwilkins/mgard/build/lib64/libmgard.so.1(_ZN7mgard_x8compressINS_6OPENMPEEENS_20compress_status_typeEhNS_9data_typeESt6vectorImSaImEEddNS_16error_bound_typeEPKvRPvRmNS_6ConfigEb+0x41c) [0x14b00b3b120c]
12  /jet/home/gwilkins/mgard/build/lib64/libmgard.so.1(_ZN7mgard_x8compressEhNS_9data_typeESt6vectorImSaImEEddNS_16error_bound_typeEPKvRPvRmNS_6ConfigEb+0x36e) [0x14b00a7d2b3e]
13  ./build/mgardx_omp() [0x40377b]
14  /lib64/libc.so.6(__libc_start_main+0xe5) [0x14b008408d85]
15  ./build/mgardx_omp() [0x4029ee]
=================================
/var/spool/slurm/d/job25177396/slurm_script: line 30: 103578 Segmentation fault      (core dumped) ./build/mgardx_omp $d $eb
double free or corruption (!prev)
/var/spool/slurm/d/job25177396/slurm_script: line 30: 103904 Aborted                 (core dumped) ./build/mgardx_omp $d $eb
slurmstepd: error: *** JOB 25177396 ON e004 CANCELLED AT 2024-08-21T05:29:11 DUE TO TIME LIMIT ***
