mpiicc -std=c99 -lm -g -lpapi -I/jet/home/gwilkins/spack/opt/spack/linux-rhel8-zen/gcc-8.5.0/libpressio-0.99.4-vbgj2t2edr6db3wjzl2s7s3s6n337xu5/include/libpressio -I/jet/home/gwilkins/spack/opt/spack/linux-rhel8-zen/gcc-8.5.0/libstdcompat-0.0.21-6pym4effyvx3e6iet5xpr4pvqpu3r2f5/include -I/jet/home/gwilkins/papi/src/include  -o io_test io_test.c -I/opt/packages/hdf5/hdf5-1.12.0/INTEL/include -L/opt/packages/hdf5/hdf5-1.12.0/INTEL/lib -L/jet/home/gwilkins/spack/opt/spack/linux-rhel8-zen/gcc-8.5.0/libpressio-0.99.4-vbgj2t2edr6db3wjzl2s7s3s6n337xu5/lib64 -llibpressio -L/jet/home/gwilkins/spack/opt/spack/linux-rhel8-zen/gcc-8.5.0/libstdcompat-0.0.21-6pym4effyvx3e6iet5xpr4pvqpu3r2f5/lib64 -lstd_compat -lpthread -L/jet/home/gwilkins/papi/src/lib -lpapi  -D_POSIX_C_SOURCE=199309L -lhdf5 
icc: warning #10315: specifying -lm before files may supersede the Intel(R) math library and affect performance
In file included from /opt/packages/hdf5/hdf5-1.12.0/INTEL/include/hdf5.h(22),
                 from io_test.c(2):
/opt/packages/hdf5/hdf5-1.12.0/INTEL/include/H5public.h(63): catastrophic error: cannot open source file "mpi.h"
  #   include <mpi.h>
                     ^

compilation aborted for io_test.c (code 4)
make: *** [Makefile:18: io_test] Error 4
./io_test: error while loading shared libraries: libiomp5.so: cannot open shared object file: No such file or directory
./io_test: error while loading shared libraries: libiomp5.so: cannot open shared object file: No such file or directory
./io_test: error while loading shared libraries: libiomp5.so: cannot open shared object file: No such file or directory
./io_test: error while loading shared libraries: libiomp5.so: cannot open shared object file: No such file or directory
./io_test: error while loading shared libraries: libiomp5.so: cannot open shared object file: No such file or directory
./io_test: error while loading shared libraries: libiomp5.so: cannot open shared object file: No such file or directory
./io_test: error while loading shared libraries: libiomp5.so: cannot open shared object file: No such file or directory
./io_test: error while loading shared libraries: libiomp5.so: cannot open shared object file: No such file or directory
./io_test: error while loading shared libraries: libiomp5.so: cannot open shared object file: No such file or directory
./io_test: error while loading shared libraries: libiomp5.so: cannot open shared object file: No such file or directory
./io_test: error while loading shared libraries: libiomp5.so: cannot open shared object file: No such file or directory
./io_test: error while loading shared libraries: libiomp5.so: cannot open shared object file: No such file or directory
./io_test: error while loading shared libraries: libiomp5.so: cannot open shared object file: No such file or directory
./io_test: error while loading shared libraries: libiomp5.so: cannot open shared object file: No such file or directory
./io_test: error while loading shared libraries: libiomp5.so: cannot open shared object file: No such file or directory
./io_test: error while loading shared libraries: libiomp5.so: cannot open shared object file: No such file or directory
./io_test: error while loading shared libraries: libiomp5.so: cannot open shared object file: No such file or directory
./io_test: error while loading shared libraries: libiomp5.so: cannot open shared object file: No such file or directory
./io_test: error while loading shared libraries: libiomp5.so: cannot open shared object file: No such file or directory
./io_test: error while loading shared libraries: libiomp5.so: cannot open shared object file: No such file or directory
./io_test: error while loading shared libraries: libiomp5.so: cannot open shared object file: No such file or directory
./io_test: error while loading shared libraries: libiomp5.so: cannot open shared object file: No such file or directory
./io_test: error while loading shared libraries: libiomp5.so: cannot open shared object file: No such file or directory
./io_test: error while loading shared libraries: libiomp5.so: cannot open shared object file: No such file or directory
./io_test: error while loading shared libraries: libiomp5.so: cannot open shared object file: No such file or directory
./io_test: error while loading shared libraries: libiomp5.so: cannot open shared object file: No such file or directory
./io_test: error while loading shared libraries: libiomp5.so: cannot open shared object file: No such file or directory
./io_test: error while loading shared libraries: libiomp5.so: cannot open shared object file: No such file or directory
./io_test: error while loading shared libraries: libiomp5.so: cannot open shared object file: No such file or directory
./io_test: error while loading shared libraries: libiomp5.so: cannot open shared object file: No such file or directory
./io_test: error while loading shared libraries: libiomp5.so: cannot open shared object file: No such file or directory
./io_test: error while loading shared libraries: libiomp5.so: cannot open shared object file: No such file or directory
./io_test: error while loading shared libraries: libiomp5.so: cannot open shared object file: No such file or directory
./io_test: error while loading shared libraries: libiomp5.so: cannot open shared object file: No such file or directory
./io_test: error while loading shared libraries: libiomp5.so: cannot open shared object file: No such file or directory
./io_test: error while loading shared libraries: libiomp5.so: cannot open shared object file: No such file or directory
./io_test: error while loading shared libraries: libiomp5.so: cannot open shared object file: No such file or directory
./io_test: error while loading shared libraries: libiomp5.so: cannot open shared object file: No such file or directory
./io_test: error while loading shared libraries: libiomp5.so: cannot open shared object file: No such file or directory
./io_test: error while loading shared libraries: libiomp5.so: cannot open shared object file: No such file or directory
./io_test: error while loading shared libraries: libiomp5.so: cannot open shared object file: No such file or directory
./io_test: error while loading shared libraries: libiomp5.so: cannot open shared object file: No such file or directory
./io_test: error while loading shared libraries: libiomp5.so: cannot open shared object file: No such file or directory
./io_test: error while loading shared libraries: libiomp5.so: cannot open shared object file: No such file or directory
./io_test: error while loading shared libraries: libiomp5.so: cannot open shared object file: No such file or directory
./io_test: error while loading shared libraries: libiomp5.so: cannot open shared object file: No such file or directory
./io_test: error while loading shared libraries: libiomp5.so: cannot open shared object file: No such file or directory
./io_test: error while loading shared libraries: libiomp5.so: cannot open shared object file: No such file or directory
./io_test: error while loading shared libraries: libiomp5.so: cannot open shared object file: No such file or directory
./io_test: error while loading shared libraries: libiomp5.so: cannot open shared object file: No such file or directory
./io_test: error while loading shared libraries: libiomp5.so: cannot open shared object file: No such file or directory
./io_test: error while loading shared libraries: libiomp5.so: cannot open shared object file: No such file or directory
./io_test: error while loading shared libraries: libiomp5.so: cannot open shared object file: No such file or directory
./io_test: error while loading shared libraries: libiomp5.so: cannot open shared object file: No such file or directory
./io_test: error while loading shared libraries: libiomp5.so: cannot open shared object file: No such file or directory
./io_test: error while loading shared libraries: libiomp5.so: cannot open shared object file: No such file or directory
./io_test: error while loading shared libraries: libiomp5.so: cannot open shared object file: No such file or directory
./io_test: error while loading shared libraries: libiomp5.so: cannot open shared object file: No such file or directory
./io_test: error while loading shared libraries: libiomp5.so: cannot open shared object file: No such file or directory
./io_test: error while loading shared libraries: libiomp5.so: cannot open shared object file: No such file or directory
./io_test: error while loading shared libraries: libiomp5.so: cannot open shared object file: No such file or directory
./io_test: error while loading shared libraries: libiomp5.so: cannot open shared object file: No such file or directory
./io_test: error while loading shared libraries: libiomp5.so: cannot open shared object file: No such file or directory
./io_test: error while loading shared libraries: libiomp5.so: cannot open shared object file: No such file or directory
./io_test: error while loading shared libraries: libiomp5.so: cannot open shared object file: No such file or directory
./io_test: error while loading shared libraries: libiomp5.so: cannot open shared object file: No such file or directory
./io_test: error while loading shared libraries: libiomp5.so: cannot open shared object file: No such file or directory
./io_test: error while loading shared libraries: libiomp5.so: cannot open shared object file: No such file or directory
./io_test: error while loading shared libraries: libiomp5.so: cannot open shared object file: No such file or directory
./io_test: error while loading shared libraries: libiomp5.so: cannot open shared object file: No such file or directory
./io_test: error while loading shared libraries: libiomp5.so: cannot open shared object file: No such file or directory
./io_test: error while loading shared libraries: libiomp5.so: cannot open shared object file: No such file or directory
./io_test: error while loading shared libraries: libiomp5.so: cannot open shared object file: No such file or directory
./io_test: error while loading shared libraries: libiomp5.so: cannot open shared object file: No such file or directory
./io_test: error while loading shared libraries: libiomp5.so: cannot open shared object file: No such file or directory
./io_test: error while loading shared libraries: libiomp5.so: cannot open shared object file: No such file or directory
./io_test: error while loading shared libraries: libiomp5.so: cannot open shared object file: No such file or directory
./io_test: error while loading shared libraries: libiomp5.so: cannot open shared object file: No such file or directory
./io_test: error while loading shared libraries: libiomp5.so: cannot open shared object file: No such file or directory
./io_test: error while loading shared libraries: libiomp5.so: cannot open shared object file: No such file or directory
./io_test: error while loading shared libraries: libiomp5.so: cannot open shared object file: No such file or directory
./io_test: error while loading shared libraries: libiomp5.so: cannot open shared object file: No such file or directory
./io_test: error while loading shared libraries: libiomp5.so: cannot open shared object file: No such file or directory
./io_test: error while loading shared libraries: libiomp5.so: cannot open shared object file: No such file or directory
./io_test: error while loading shared libraries: libiomp5.so: cannot open shared object file: No such file or directory
./io_test: error while loading shared libraries: libiomp5.so: cannot open shared object file: No such file or directory
./io_test: error while loading shared libraries: libiomp5.so: cannot open shared object file: No such file or directory
./io_test: error while loading shared libraries: libiomp5.so: cannot open shared object file: No such file or directory
./io_test: error while loading shared libraries: libiomp5.so: cannot open shared object file: No such file or directory
./io_test: error while loading shared libraries: libiomp5.so: cannot open shared object file: No such file or directory
./io_test: error while loading shared libraries: libiomp5.so: cannot open shared object file: No such file or directory
./io_test: error while loading shared libraries: libiomp5.so: cannot open shared object file: No such file or directory
./io_test: error while loading shared libraries: libiomp5.so: cannot open shared object file: No such file or directory
./io_test: error while loading shared libraries: libiomp5.so: cannot open shared object file: No such file or directory
./io_test: error while loading shared libraries: libiomp5.so: cannot open shared object file: No such file or directory
./io_test: error while loading shared libraries: libiomp5.so: cannot open shared object file: No such file or directory
./io_test: error while loading shared libraries: libiomp5.so: cannot open shared object file: No such file or directory
./io_test: error while loading shared libraries: libiomp5.so: cannot open shared object file: No such file or directory
./io_test: error while loading shared libraries: libiomp5.so: cannot open shared object file: No such file or directory
./io_test: error while loading shared libraries: libiomp5.so: cannot open shared object file: No such file or directory
./io_test: error while loading shared libraries: libiomp5.so: cannot open shared object file: No such file or directory
./io_test: error while loading shared libraries: libiomp5.so: cannot open shared object file: No such file or directory
./io_test: error while loading shared libraries: libiomp5.so: cannot open shared object file: No such file or directory
./io_test: error while loading shared libraries: libiomp5.so: cannot open shared object file: No such file or directory
./io_test: error while loading shared libraries: libiomp5.so: cannot open shared object file: No such file or directory
./io_test: error while loading shared libraries: libiomp5.so: cannot open shared object file: No such file or directory
./io_test: error while loading shared libraries: libiomp5.so: cannot open shared object file: No such file or directory
./io_test: error while loading shared libraries: libiomp5.so: cannot open shared object file: No such file or directory
./io_test: error while loading shared libraries: libiomp5.so: cannot open shared object file: No such file or directory
./io_test: error while loading shared libraries: libiomp5.so: cannot open shared object file: No such file or directory
./io_test: error while loading shared libraries: libiomp5.so: cannot open shared object file: No such file or directory
./io_test: error while loading shared libraries: libiomp5.so: cannot open shared object file: No such file or directory
./io_test: error while loading shared libraries: libiomp5.so: cannot open shared object file: No such file or directory
./io_test: error while loading shared libraries: libiomp5.so: cannot open shared object file: No such file or directory
./io_test: error while loading shared libraries: libiomp5.so: cannot open shared object file: No such file or directory
./io_test: error while loading shared libraries: libiomp5.so: cannot open shared object file: No such file or directory
./io_test: error while loading shared libraries: libiomp5.so: cannot open shared object file: No such file or directory
./io_test: error while loading shared libraries: libiomp5.so: cannot open shared object file: No such file or directory
./io_test: error while loading shared libraries: libiomp5.so: cannot open shared object file: No such file or directory
./io_test: error while loading shared libraries: libiomp5.so: cannot open shared object file: No such file or directory
