g++ -std=c99 -lm -g -lpapi -I/jet/home/gwilkins/papi/src/include  -o mgardx mgardx.cpp -I/jet/home/gwilkins/MGARD/include -L/jet/home/gwilkins/MGARD/build-openmp-cpu/mgard/lib64 -L/jet/home/gwilkins/papi/src/lib -lpapi  -D_POSIX_C_SOURCE=199309L -lmgard
cc1plus: warning: command line option '-std=c99' is valid for C/ObjC but not for C++
In file included from /jet/home/gwilkins/MGARD/include/mgard-x/Config/Config.h:4,
                 from /jet/home/gwilkins/MGARD/include/compress_x.hpp:8,
                 from mgardx.cpp:8:
/jet/home/gwilkins/MGARD/include/mgard-x/Config/../RuntimeX/RuntimeXPublic.h:7:10: fatal error: MGARDXConfig.h: No such file or directory
 #include "MGARDXConfig.h"
          ^~~~~~~~~~~~~~~~
compilation terminated.
make: *** [Makefile:40: mgardx] Error 1
Dataset: nyx/temperature.f32
REL Error bound: 1.000000e-01
ABS Error bound: 4.780303e+05
ENERGY: 2.186774e+02
TIME: 4.162513e-01
ENERGY: 2.078454e+02
TIME: 4.173565e-01
ENERGY: 2.153635e+02
TIME: 4.173446e-01
ENERGY: 2.204643e+02
TIME: 4.190292e-01
ENERGY: 2.211855e+02
TIME: 4.164829e-01
ENERGY: 2.143011e+02
TIME: 4.153549e-01
ENERGY: 2.100875e+02
TIME: 4.161426e-01
ENERGY: 2.184221e+02
TIME: 4.158026e-01
ENERGY: 2.196000e+02
TIME: 4.152277e-01
ENERGY: 2.095183e+02
TIME: 4.149000e-01
slurmstepd: error: *** JOB 25158653 ON e003 CANCELLED AT 2024-08-20T11:25:38 ***
