make: Nothing to be done for 'all'.
Failed to read dataset s3d/stat_planar.1.000E-03.field.d
Failed to read dataset s3d/stat_planar.1.000E-03.field.d
Failed to read dataset s3d/stat_planar.1.000E-03.field.d
Failed to read dataset s3d/stat_planar.1.000E-03.field.d
Failed to read dataset s3d/stat_planar.1.000E-03.field.d
Failed to read dataset s3d/stat_planar.1.000E-03.field.d
Failed to read dataset s3d/stat_planar.1.000E-03.field.d
Failed to read dataset s3d/stat_planar.1.000E-03.field.d
Failed to read dataset s3d/stat_planar.1.000E-03.field.d
Failed to read dataset s3d/stat_planar.1.000E-03.field.d
Failed to read dataset s3d/stat_planar.1.000E-03.field.d
Failed to read dataset s3d/stat_planar.1.000E-03.field.d
Failed to read dataset s3d/stat_planar.1.000E-03.field.d
Failed to read dataset s3d/stat_planar.1.000E-03.field.d
Failed to read dataset s3d/stat_planar.1.000E-03.field.d
Failed to read dataset s3d/stat_planar.1.000E-03.field.d
Failed to read dataset s3d/stat_planar.1.000E-03.field.d
Failed to read dataset s3d/stat_planar.1.000E-03.field.d
Failed to read dataset s3d/stat_planar.1.000E-03.field.d
Failed to read dataset s3d/stat_planar.1.000E-03.field.d
Failed to read dataset s3d/stat_planar.1.000E-03.field.d
Failed to read dataset s3d/stat_planar.1.000E-03.field.d
Failed to read dataset s3d/stat_planar.1.000E-03.field.d
Failed to read dataset s3d/stat_planar.1.000E-03.field.d
Compressor: sz
Dataset: nyx/baryon_density.f32
REL Error bound: 1.000000e-01
Compressor: sz
Dataset: nyx/baryon_density.f32
REL Error bound: 1.000000e-02
Compressor: sz
Dataset: nyx/baryon_density.f32
REL Error bound: 1.000000e-03
Compressor: sz
Dataset: nyx/baryon_density.f32
REL Error bound: 1.000000e-04
Compressor: sz
Dataset: nyx/baryon_density.f32
REL Error bound: 1.000000e-05
Compressor: sz
Dataset: nyx/baryon_density.f32
REL Error bound: 1.000000e-06
Compressor: sz3
Dataset: nyx/baryon_density.f32
REL Error bound: 1.000000e-01
Compressor: sz3
Dataset: nyx/baryon_density.f32
REL Error bound: 1.000000e-02
Compressor: sz3
Dataset: nyx/baryon_density.f32
REL Error bound: 1.000000e-03
Compressor: sz3
Dataset: nyx/baryon_density.f32
REL Error bound: 1.000000e-04
Compressor: sz3
Dataset: nyx/baryon_density.f32
REL Error bound: 1.000000e-05
Compressor: sz3
Dataset: nyx/baryon_density.f32
REL Error bound: 1.000000e-06
Compressor: zfp
Dataset: nyx/baryon_density.f32
REL Error bound: 1.000000e-01
Compressor: zfp
Dataset: nyx/baryon_density.f32
REL Error bound: 1.000000e-02
Compressor: zfp
Dataset: nyx/baryon_density.f32
REL Error bound: 1.000000e-03
Compressor: zfp
Dataset: nyx/baryon_density.f32
REL Error bound: 1.000000e-04
Compressor: zfp
Dataset: nyx/baryon_density.f32
REL Error bound: 1.000000e-05
Compressor: zfp
Dataset: nyx/baryon_density.f32
REL Error bound: 1.000000e-06
Compressor: mgard
Dataset: nyx/baryon_density.f32
REL Error bound: 1.000000e-01
[31m[ERR][0m  Output too large (original size: 0.536871 GB, compressed size: 0.016982 GB, leftover buffer space: 0.000004 GB)
[31m[ERR][0m  Output too large (original size: 0.536871 GB, compressed size: 0.016982 GB, leftover buffer space: 0.000004 GB)
[31m[ERR][0m  Output too large (original size: 0.536871 GB, compressed size: 0.016982 GB, leftover buffer space: 0.000004 GB)
[31m[ERR][0m  Output too large (original size: 0.536871 GB, compressed size: 0.016982 GB, leftover buffer space: 0.000004 GB)
Compressor: mgard
Dataset: nyx/baryon_density.f32
REL Error bound: 1.000000e-02
[31m[ERR][0m  Output too large (original size: 0.536871 GB, compressed size: 0.017131 GB, leftover buffer space: 0.000004 GB)
[31m[ERR][0m  Output too large (original size: 0.536871 GB, compressed size: 0.017131 GB, leftover buffer space: 0.000004 GB)
[31m[ERR][0m  Output too large (original size: 0.536871 GB, compressed size: 0.017131 GB, leftover buffer space: 0.000004 GB)
[31m[ERR][0m  Output too large (original size: 0.536871 GB, compressed size: 0.017131 GB, leftover buffer space: 0.000004 GB)
Compressor: mgard
Dataset: nyx/baryon_density.f32
REL Error bound: 1.000000e-03
[31m[ERR][0m  Output too large (original size: 0.536871 GB, compressed size: 0.018491 GB, leftover buffer space: 0.000004 GB)
[31m[ERR][0m  Output too large (original size: 0.536871 GB, compressed size: 0.018491 GB, leftover buffer space: 0.000004 GB)
[31m[ERR][0m  Output too large (original size: 0.536871 GB, compressed size: 0.018491 GB, leftover buffer space: 0.000004 GB)
[31m[ERR][0m  Output too large (original size: 0.536871 GB, compressed size: 0.018491 GB, leftover buffer space: 0.000004 GB)
Compressor: mgard
Dataset: nyx/baryon_density.f32
REL Error bound: 1.000000e-04
[31m[ERR][0m  Output too large (original size: 0.536871 GB, compressed size: 0.027980 GB, leftover buffer space: 0.000004 GB)
[31m[ERR][0m  Output too large (original size: 0.536871 GB, compressed size: 0.027980 GB, leftover buffer space: 0.000004 GB)
[31m[ERR][0m  Output too large (original size: 0.536871 GB, compressed size: 0.027980 GB, leftover buffer space: 0.000004 GB)
[31m[ERR][0m  Output too large (original size: 0.536871 GB, compressed size: 0.027980 GB, leftover buffer space: 0.000004 GB)
Compressor: mgard
Dataset: nyx/baryon_density.f32
REL Error bound: 1.000000e-05
[31m[ERR][0m  Output too large (original size: 0.536871 GB, compressed size: 0.069709 GB, leftover buffer space: 0.000004 GB)
[31m[ERR][0m  Output too large (original size: 0.536871 GB, compressed size: 0.069709 GB, leftover buffer space: 0.000004 GB)
[31m[ERR][0m  Output too large (original size: 0.536871 GB, compressed size: 0.069709 GB, leftover buffer space: 0.000004 GB)
[31m[ERR][0m  Output too large (original size: 0.536871 GB, compressed size: 0.069709 GB, leftover buffer space: 0.000004 GB)
Compressor: mgard
Dataset: nyx/baryon_density.f32
REL Error bound: 1.000000e-06
[31m[ERR][0m  Output too large (original size: 0.536871 GB, compressed size: 0.130535 GB, leftover buffer space: 0.000004 GB)
[31m[ERR][0m  Output too large (original size: 0.536871 GB, compressed size: 0.130535 GB, leftover buffer space: 0.000004 GB)
[31m[ERR][0m  Output too large (original size: 0.536871 GB, compressed size: 0.130535 GB, leftover buffer space: 0.000004 GB)
[31m[ERR][0m  Output too large (original size: 0.536871 GB, compressed size: 0.130535 GB, leftover buffer space: 0.000004 GB)
Compressor: sz
Dataset: cesm/V_1_26_1800_3600.f32
REL Error bound: 1.000000e-01
Compressor: sz
Dataset: cesm/V_1_26_1800_3600.f32
REL Error bound: 1.000000e-02
Compressor: sz
Dataset: cesm/V_1_26_1800_3600.f32
REL Error bound: 1.000000e-03
Compressor: sz
Dataset: cesm/V_1_26_1800_3600.f32
REL Error bound: 1.000000e-04
Compressor: sz
Dataset: cesm/V_1_26_1800_3600.f32
REL Error bound: 1.000000e-05
Compressor: sz
Dataset: cesm/V_1_26_1800_3600.f32
REL Error bound: 1.000000e-06
Compressor: sz3
Dataset: cesm/V_1_26_1800_3600.f32
REL Error bound: 1.000000e-01
Compressor: sz3
Dataset: cesm/V_1_26_1800_3600.f32
REL Error bound: 1.000000e-02
Compressor: sz3
Dataset: cesm/V_1_26_1800_3600.f32
REL Error bound: 1.000000e-03
Compressor: sz3
Dataset: cesm/V_1_26_1800_3600.f32
REL Error bound: 1.000000e-04
Compressor: sz3
Dataset: cesm/V_1_26_1800_3600.f32
REL Error bound: 1.000000e-05
Compressor: sz3
Dataset: cesm/V_1_26_1800_3600.f32
REL Error bound: 1.000000e-06
Compressor: zfp
Dataset: cesm/V_1_26_1800_3600.f32
REL Error bound: 1.000000e-01
Compressor: zfp
Dataset: cesm/V_1_26_1800_3600.f32
REL Error bound: 1.000000e-02
Compressor: zfp
Dataset: cesm/V_1_26_1800_3600.f32
REL Error bound: 1.000000e-03
Compressor: zfp
Dataset: cesm/V_1_26_1800_3600.f32
REL Error bound: 1.000000e-04
Compressor: zfp
Dataset: cesm/V_1_26_1800_3600.f32
REL Error bound: 1.000000e-05
Compressor: zfp
Dataset: cesm/V_1_26_1800_3600.f32
REL Error bound: 1.000000e-06
Compressor: mgard
Dataset: cesm/V_1_26_1800_3600.f32
REL Error bound: 1.000000e-01
[31m[ERR][0m  Output too large (original size: 0.673920 GB, compressed size: 0.056156 GB, leftover buffer space: 0.000004 GB)
[31m[ERR][0m  Output too large (original size: 0.673920 GB, compressed size: 0.056156 GB, leftover buffer space: 0.000004 GB)
[31m[ERR][0m  Output too large (original size: 0.673920 GB, compressed size: 0.056156 GB, leftover buffer space: 0.000004 GB)
[31m[ERR][0m  Output too large (original size: 0.673920 GB, compressed size: 0.056156 GB, leftover buffer space: 0.000004 GB)
Compressor: mgard
Dataset: cesm/V_1_26_1800_3600.f32
REL Error bound: 1.000000e-02
[31m[ERR][0m  Output too large (original size: 0.673920 GB, compressed size: 0.104471 GB, leftover buffer space: 0.000004 GB)
[31m[ERR][0m  Output too large (original size: 0.673920 GB, compressed size: 0.104471 GB, leftover buffer space: 0.000004 GB)
[31m[ERR][0m  Output too large (original size: 0.673920 GB, compressed size: 0.104471 GB, leftover buffer space: 0.000004 GB)
[31m[ERR][0m  Output too large (original size: 0.673920 GB, compressed size: 0.104471 GB, leftover buffer space: 0.000004 GB)
Compressor: mgard
Dataset: cesm/V_1_26_1800_3600.f32
REL Error bound: 1.000000e-03
[31m[ERR][0m  Output too large (original size: 0.673920 GB, compressed size: 0.167749 GB, leftover buffer space: 0.000004 GB)
[31m[ERR][0m  Output too large (original size: 0.673920 GB, compressed size: 0.167749 GB, leftover buffer space: 0.000004 GB)
[31m[ERR][0m  Output too large (original size: 0.673920 GB, compressed size: 0.167749 GB, leftover buffer space: 0.000004 GB)
[31m[ERR][0m  Output too large (original size: 0.673920 GB, compressed size: 0.167749 GB, leftover buffer space: 0.000004 GB)
Compressor: mgard
Dataset: cesm/V_1_26_1800_3600.f32
REL Error bound: 1.000000e-04
[31m[ERR][0m  Output too large (original size: 0.673920 GB, compressed size: 0.483962 GB, leftover buffer space: 0.000004 GB)
[31m[ERR][0m  Output too large (original size: 0.673920 GB, compressed size: 0.483962 GB, leftover buffer space: 0.000004 GB)
[31m[ERR][0m  Output too large (original size: 0.673920 GB, compressed size: 0.483962 GB, leftover buffer space: 0.000004 GB)
[31m[ERR][0m  Output too large (original size: 0.673920 GB, compressed size: 0.483962 GB, leftover buffer space: 0.000004 GB)
Compressor: mgard
Dataset: cesm/V_1_26_1800_3600.f32
REL Error bound: 1.000000e-05
[31m[ERR][0m  Output too large (original size: 0.673920 GB, compressed size: 0.673920 GB, leftover buffer space: 0.000004 GB)
[31m[ERR][0m  Output too large (original size: 0.673920 GB, compressed size: 0.673920 GB, leftover buffer space: 0.000004 GB)
[31m[ERR][0m  Output too large (original size: 0.673920 GB, compressed size: 0.673920 GB, leftover buffer space: 0.000004 GB)
[31m[ERR][0m  Output too large (original size: 0.673920 GB, compressed size: 0.673920 GB, leftover buffer space: 0.000004 GB)
Compressor: mgard
Dataset: cesm/V_1_26_1800_3600.f32
REL Error bound: 1.000000e-06
[31m[ERR][0m  Output too large (original size: 0.673920 GB, compressed size: 0.673920 GB, leftover buffer space: 0.000004 GB)
[31m[ERR][0m  Output too large (original size: 0.673920 GB, compressed size: 0.673920 GB, leftover buffer space: 0.000004 GB)
[31m[ERR][0m  Output too large (original size: 0.673920 GB, compressed size: 0.673920 GB, leftover buffer space: 0.000004 GB)
[31m[ERR][0m  Output too large (original size: 0.673920 GB, compressed size: 0.673920 GB, leftover buffer space: 0.000004 GB)
Compressor: sz
Dataset: hacc/vx.f32
REL Error bound: 1.000000e-01
Compressor: sz
Dataset: hacc/vx.f32
REL Error bound: 1.000000e-02
Compressor: sz
Dataset: hacc/vx.f32
REL Error bound: 1.000000e-03
Compressor: sz
Dataset: hacc/vx.f32
REL Error bound: 1.000000e-04
Compressor: sz
Dataset: hacc/vx.f32
REL Error bound: 1.000000e-05
Compressor: sz
Dataset: hacc/vx.f32
REL Error bound: 1.000000e-06
Compressor: sz3
Dataset: hacc/vx.f32
REL Error bound: 1.000000e-01
Compressor: sz3
Dataset: hacc/vx.f32
REL Error bound: 1.000000e-02
Compressor: sz3
Dataset: hacc/vx.f32
REL Error bound: 1.000000e-03
Compressor: sz3
Dataset: hacc/vx.f32
REL Error bound: 1.000000e-04
Compressor: sz3
Dataset: hacc/vx.f32
REL Error bound: 1.000000e-05
Compressor: sz3
Dataset: hacc/vx.f32
REL Error bound: 1.000000e-06
Compressor: zfp
Dataset: hacc/vx.f32
REL Error bound: 1.000000e-01
Compressor: zfp
Dataset: hacc/vx.f32
REL Error bound: 1.000000e-02
Compressor: zfp
Dataset: hacc/vx.f32
REL Error bound: 1.000000e-03
Compressor: zfp
Dataset: hacc/vx.f32
REL Error bound: 1.000000e-04
Compressor: zfp
Dataset: hacc/vx.f32
REL Error bound: 1.000000e-05
Compressor: zfp
Dataset: hacc/vx.f32
REL Error bound: 1.000000e-06
slurmstepd: error: *** JOB 25025011 ON e004 CANCELLED AT 2024-08-14T12:34:15 DUE TO TIME LIMIT ***
