gcc -std=c99 -lm -g -lpapi -I/jet/home/gwilkins/papi/src/include  -o szx_serial szx_serial.c -I/jet/home/gwilkins/SZx/include -L/jet/home/gwilkins/SZx/lib -L/jet/home/gwilkins/papi/src/lib -lpapi  -D_POSIX_C_SOURCE=199309L -lSZx
g++ -std=c99 -lm -g -lpapi -I/jet/home/gwilkins/papi/src/include  -o mgardx mgardx.cpp -I/jet/home/gwilkins/MGARD/build/include -L/jet/home/gwilkins/MGARD/build/lib64 -L/jet/home/gwilkins/papi/src/lib -lpapi  -D_POSIX_C_SOURCE=199309L -lmgard
cc1plus: warning: command line option '-std=c99' is valid for C/ObjC but not for C++
In file included from /jet/home/gwilkins/mgard/include/mgard-x/Config/Config.h:4,
                 from /jet/home/gwilkins/mgard/include/compress_x.hpp:8,
                 from mgardx.cpp:8:
/jet/home/gwilkins/mgard/include/mgard-x/Config/../RuntimeX/RuntimeXPublic.h:7:10: fatal error: MGARDXConfig.h: No such file or directory
 #include "MGARDXConfig.h"
          ^~~~~~~~~~~~~~~~
compilation terminated.
make: *** [Makefile:40: mgardx] Error 1
Dataset: cesm/V_1_26_1800_3600.f32
REL Error bound: 1.000000e-01
ABS Error bound: 1.256115e+01
ENERGY: 3.205789e+02
TIME: 6.357005e-01
ENERGY: 3.756057e+02
TIME: 6.331975e-01
ENERGY: 3.199830e+02
TIME: 6.357789e-01
ENERGY: 3.476562e+02
TIME: 6.343474e-01
ENERGY: 3.216925e+02
TIME: 6.351943e-01
ENERGY: 3.461462e+02
TIME: 6.319857e-01
ENERGY: 3.191416e+02
TIME: 6.349969e-01
ENERGY: 3.693177e+02
TIME: 6.404021e-01
ENERGY: 3.516439e+02
TIME: 6.330701e-01
ENERGY: 3.480865e+02
TIME: 6.345685e-01
Dataset: cesm/V_1_26_1800_3600.f32
REL Error bound: 1.000000e-02
ABS Error bound: 1.256115e+00
ENERGY: 4.266786e+02
TIME: 7.507999e-01
ENERGY: 3.924259e+02
TIME: 7.568918e-01
ENERGY: 3.863425e+02
TIME: 7.510912e-01
ENERGY: 3.945542e+02
TIME: 7.511746e-01
ENERGY: 4.019954e+02
TIME: 7.510738e-01
ENERGY: 4.103301e+02
TIME: 7.492935e-01
ENERGY: 3.939501e+02
TIME: 7.477167e-01
ENERGY: 3.811128e+02
TIME: 7.501226e-01
ENERGY: 4.293497e+02
TIME: 7.476545e-01
ENERGY: 3.862405e+02
TIME: 7.511250e-01
Dataset: cesm/V_1_26_1800_3600.f32
REL Error bound: 1.000000e-03
ABS Error bound: 1.256115e-01
ENERGY: 4.777463e+02
TIME: 8.233692e-01
ENERGY: 4.133409e+02
TIME: 8.191147e-01
ENERGY: 4.773484e+02
TIME: 8.246261e-01
ENERGY: 4.213068e+02
TIME: 8.183150e-01
ENERGY: 4.770975e+02
TIME: 8.220060e-01
ENERGY: 4.145124e+02
TIME: 8.211947e-01
ENERGY: 4.755382e+02
TIME: 8.227278e-01
ENERGY: 4.139759e+02
TIME: 8.190638e-01
ENERGY: 4.759095e+02
TIME: 8.237226e-01
ENERGY: 4.142286e+02
TIME: 8.201026e-01
Dataset: cesm/V_1_26_1800_3600.f32
REL Error bound: 1.000000e-04
ABS Error bound: 1.256115e-02
ENERGY: 4.464792e+02
TIME: 8.823895e-01
ENERGY: 5.159008e+02
TIME: 8.806814e-01
ENERGY: 4.464013e+02
TIME: 8.835126e-01
ENERGY: 4.898463e+02
TIME: 8.880407e-01
ENERGY: 4.785104e+02
TIME: 8.804920e-01
ENERGY: 4.484237e+02
TIME: 8.856460e-01
ENERGY: 4.481688e+02
TIME: 8.828468e-01
ENERGY: 4.551807e+02
TIME: 8.876510e-01
ENERGY: 4.707321e+02
TIME: 8.810810e-01
ENERGY: 4.907566e+02
TIME: 8.842286e-01
Dataset: cesm/V_1_26_1800_3600.f32
REL Error bound: 1.000000e-05
ABS Error bound: 1.256115e-03
ENERGY: 4.880495e+02
TIME: 8.912762e-01
ENERGY: 4.792237e+02
TIME: 8.892391e-01
ENERGY: 4.922307e+02
TIME: 8.892259e-01
ENERGY: 4.792054e+02
TIME: 8.887981e-01
ENERGY: 4.700843e+02
TIME: 8.876857e-01
ENERGY: 4.516987e+02
TIME: 8.891184e-01
ENERGY: 5.068314e+02
TIME: 9.009239e-01
ENERGY: 4.487942e+02
TIME: 8.890752e-01
ENERGY: 5.070138e+02
TIME: 8.951169e-01
ENERGY: 4.505272e+02
TIME: 8.926381e-01
Dataset: cesm/V_1_26_1800_3600.f32
REL Error bound: 1.000000e-06
ABS Error bound: 1.256115e-04
ENERGY: 4.398893e+02
TIME: 8.708408e-01
ENERGY: 4.848352e+02
TIME: 8.723193e-01
ENERGY: 4.731560e+02
TIME: 8.976470e-01
ENERGY: 4.392226e+02
TIME: 8.658780e-01
ENERGY: 5.072463e+02
TIME: 8.666665e-01
ENERGY: 4.377416e+02
TIME: 8.668581e-01
ENERGY: 4.863587e+02
TIME: 8.720294e-01
ENERGY: 4.412597e+02
TIME: 8.659040e-01
ENERGY: 4.462993e+02
TIME: 8.702017e-01
ENERGY: 4.955573e+02
TIME: 8.678030e-01
