make: Nothing to be done for 'all'.
Running with 1 OpenMP threads
Compressor: zfp
Dataset: s3d/stat_planar.1.7000E-03.field.d64
REL Error bound: 1.000000e-03
Running with 2 OpenMP threads
Compressor: zfp
Dataset: s3d/stat_planar.1.7000E-03.field.d64
REL Error bound: 1.000000e-03
Running with 4 OpenMP threads
Compressor: zfp
Dataset: s3d/stat_planar.1.7000E-03.field.d64
REL Error bound: 1.000000e-03
Running with 8 OpenMP threads
Compressor: zfp
Dataset: s3d/stat_planar.1.7000E-03.field.d64
REL Error bound: 1.000000e-03
Running with 16 OpenMP threads
Compressor: zfp
Dataset: s3d/stat_planar.1.7000E-03.field.d64
REL Error bound: 1.000000e-03
