g++ -std=c99 -lm -g -lpapi -I/jet/home/gwilkins/papi/src/include  -o mgardx mgardx.cpp -I/jet/home/gwilkins/MGARD/include -L/jet/home/gwilkins/MGARD/build-openmp-cpu/mgard/lib64 -L/jet/home/gwilkins/papi/src/lib -lpapi  -D_POSIX_C_SOURCE=199309L -lmgard
cc1plus: warning: command line option '-std=c99' is valid for C/ObjC but not for C++
In file included from /jet/home/gwilkins/MGARD/include/mgard-x/Config/Config.h:4,
                 from /jet/home/gwilkins/MGARD/include/compress_x.hpp:8,
                 from mgardx.cpp:8:
/jet/home/gwilkins/MGARD/include/mgard-x/Config/../RuntimeX/RuntimeXPublic.h:7:10: fatal error: MGARDXConfig.h: No such file or directory
 #include "MGARDXConfig.h"
          ^~~~~~~~~~~~~~~~
compilation terminated.
make: *** [Makefile:40: mgardx] Error 1
Dataset: nyx/temperature.f32
REL Error bound: 1.000000e-01
ABS Error bound: 4.780303e+05
ENERGY: 2.476922e+02
TIME: 4.219762e-01
ENERGY: 2.019690e+02
TIME: 4.172226e-01
ENERGY: 2.041839e+02
TIME: 4.206235e-01
ENERGY: 2.016759e+02
TIME: 4.161297e-01
ENERGY: 2.513589e+02
TIME: 4.161761e-01
ENERGY: 2.324173e+02
TIME: 4.146623e-01
ENERGY: 2.020329e+02
TIME: 4.170251e-01
ENERGY: 2.018103e+02
TIME: 4.171660e-01
ENERGY: 2.239790e+02
TIME: 4.161308e-01
ENERGY: 2.453201e+02
TIME: 4.159183e-01
Dataset: nyx/temperature.f32
REL Error bound: 1.000000e-02
ABS Error bound: 4.780303e+04
ENERGY: 2.071937e+02
TIME: 4.280424e-01
ENERGY: 2.450494e+02
TIME: 4.268863e-01
ENERGY: 2.276562e+02
TIME: 4.269577e-01
ENERGY: 2.280036e+02
TIME: 4.339263e-01
ENERGY: 2.075221e+02
TIME: 4.281932e-01
ENERGY: 2.240186e+02
TIME: 4.296417e-01
ENERGY: 2.107422e+02
TIME: 4.282368e-01
ENERGY: 2.076157e+02
TIME: 4.291404e-01
ENERGY: 2.415409e+02
TIME: 4.258934e-01
ENERGY: 2.382872e+02
TIME: 4.277265e-01
Dataset: nyx/temperature.f32
REL Error bound: 1.000000e-03
ABS Error bound: 4.780303e+03
ENERGY: 3.958941e+02
TIME: 7.243081e-01
ENERGY: 3.934285e+02
TIME: 7.284716e-01
ENERGY: 3.693489e+02
TIME: 7.243947e-01
ENERGY: 3.638248e+02
TIME: 7.292853e-01
ENERGY: 3.520052e+02
TIME: 7.255858e-01
ENERGY: 3.530306e+02
TIME: 7.276564e-01
ENERGY: 4.124112e+02
TIME: 7.286469e-01
ENERGY: 4.209276e+02
TIME: 7.247698e-01
ENERGY: 3.529143e+02
TIME: 7.273351e-01
ENERGY: 3.515882e+02
TIME: 7.255387e-01
Dataset: nyx/temperature.f32
REL Error bound: 1.000000e-04
ABS Error bound: 4.780303e+02
ENERGY: 4.616880e+02
TIME: 7.857044e-01
ENERGY: 3.825310e+02
TIME: 7.870177e-01
ENERGY: 3.824475e+02
TIME: 7.883120e-01
ENERGY: 4.701750e+02
TIME: 7.851349e-01
ENERGY: 3.993394e+02
TIME: 7.890018e-01
ENERGY: 3.829554e+02
TIME: 7.897618e-01
ENERGY: 4.485400e+02
TIME: 7.883834e-01
ENERGY: 4.310102e+02
TIME: 7.887140e-01
ENERGY: 3.879168e+02
TIME: 7.947604e-01
ENERGY: 4.047244e+02
TIME: 7.873073e-01
Dataset: nyx/temperature.f32
REL Error bound: 1.000000e-05
ABS Error bound: 4.780303e+01
ENERGY: 3.656051e+02
TIME: 7.111704e-01
ENERGY: 3.463443e+02
TIME: 7.137751e-01
ENERGY: 4.229420e+02
TIME: 7.102220e-01
ENERGY: 3.498928e+02
TIME: 7.180754e-01
ENERGY: 4.139244e+02
TIME: 7.109244e-01
ENERGY: 3.654570e+02
TIME: 7.125823e-01
ENERGY: 4.000855e+02
TIME: 7.107934e-01
ENERGY: 3.469995e+02
TIME: 7.130314e-01
ENERGY: 3.681414e+02
TIME: 7.174867e-01
ENERGY: 3.809383e+02
TIME: 7.106313e-01
Dataset: nyx/temperature.f32
REL Error bound: 1.000000e-06
ABS Error bound: 4.780303e+00
ENERGY: 4.910676e+02
TIME: 9.392449e-01
ENERGY: 4.914120e+02
TIME: 9.403832e-01
ENERGY: 4.943560e+02
TIME: 9.413423e-01
ENERGY: 4.653917e+02
TIME: 9.402082e-01
ENERGY: 5.404159e+02
TIME: 9.645250e-01
ENERGY: 4.573013e+02
TIME: 9.428075e-01
ENERGY: 5.341388e+02
TIME: 9.410829e-01
ENERGY: 4.666352e+02
TIME: 9.392027e-01
ENERGY: 4.817654e+02
TIME: 9.431634e-01
ENERGY: 5.151922e+02
TIME: 9.488793e-01
Dataset: cesm/V_1_26_1800_3600.f32
REL Error bound: 1.000000e-01
ABS Error bound: 1.256115e+01
ENERGY: 3.188576e+02
TIME: 6.382202e-01
ENERGY: 3.309497e+02
TIME: 6.405251e-01
ENERGY: 3.094803e+02
TIME: 6.394254e-01
ENERGY: 3.441244e+02
TIME: 6.377637e-01
ENERGY: 3.092715e+02
TIME: 6.392833e-01
ENERGY: 3.616371e+02
TIME: 6.390291e-01
ENERGY: 3.112692e+02
TIME: 6.406693e-01
ENERGY: 3.764302e+02
TIME: 6.381285e-01
ENERGY: 3.096165e+02
TIME: 6.399140e-01
ENERGY: 3.780893e+02
TIME: 6.386614e-01
Dataset: cesm/V_1_26_1800_3600.f32
REL Error bound: 1.000000e-02
ABS Error bound: 1.256115e+00
ENERGY: 4.425686e+02
TIME: 7.539491e-01
ENERGY: 4.293252e+02
TIME: 7.572701e-01
ENERGY: 4.427495e+02
TIME: 7.548093e-01
ENERGY: 3.674156e+02
TIME: 7.587027e-01
ENERGY: 4.012040e+02
TIME: 7.572714e-01
ENERGY: 4.131731e+02
TIME: 7.597297e-01
ENERGY: 3.891139e+02
TIME: 7.588931e-01
ENERGY: 4.062629e+02
TIME: 7.557755e-01
ENERGY: 4.116324e+02
TIME: 7.560357e-01
ENERGY: 3.776493e+02
TIME: 7.546997e-01
Dataset: cesm/V_1_26_1800_3600.f32
REL Error bound: 1.000000e-03
ABS Error bound: 1.256115e-01
ENERGY: 4.040344e+02
TIME: 8.242174e-01
ENERGY: 4.891262e+02
TIME: 8.248824e-01
ENERGY: 3.984382e+02
TIME: 8.232693e-01
ENERGY: 4.918384e+02
TIME: 8.238388e-01
ENERGY: 4.021359e+02
TIME: 8.247197e-01
ENERGY: 4.839272e+02
TIME: 8.262033e-01
ENERGY: 3.999497e+02
TIME: 8.246082e-01
ENERGY: 4.577788e+02
TIME: 8.254696e-01
ENERGY: 4.009180e+02
TIME: 8.241624e-01
ENERGY: 4.319790e+02
TIME: 8.240117e-01
Dataset: cesm/V_1_26_1800_3600.f32
REL Error bound: 1.000000e-04
ABS Error bound: 1.256115e-02
ENERGY: 5.153518e+02
TIME: 8.870219e-01
ENERGY: 4.372329e+02
TIME: 8.913004e-01
ENERGY: 4.427201e+02
TIME: 8.905102e-01
ENERGY: 5.171032e+02
TIME: 8.894990e-01
ENERGY: 4.314267e+02
TIME: 8.897308e-01
ENERGY: 4.444085e+02
TIME: 8.894425e-01
ENERGY: 4.922374e+02
TIME: 8.916376e-01
ENERGY: 4.951925e+02
TIME: 8.903252e-01
ENERGY: 4.331731e+02
TIME: 8.919542e-01
ENERGY: 4.364308e+02
TIME: 8.918129e-01
Dataset: cesm/V_1_26_1800_3600.f32
REL Error bound: 1.000000e-05
ABS Error bound: 1.256115e-03
ENERGY: 4.854242e+02
TIME: 8.970962e-01
ENERGY: 4.804288e+02
TIME: 9.025942e-01
ENERGY: 4.743174e+02
TIME: 8.960480e-01
ENERGY: 4.815126e+02
TIME: 8.962637e-01
ENERGY: 4.513897e+02
TIME: 8.944139e-01
ENERGY: 4.389337e+02
TIME: 8.970816e-01
ENERGY: 5.235729e+02
TIME: 8.996907e-01
ENERGY: 4.347016e+02
TIME: 8.968019e-01
ENERGY: 4.617341e+02
TIME: 9.050943e-01
ENERGY: 5.165487e+02
TIME: 8.965482e-01
Dataset: cesm/V_1_26_1800_3600.f32
REL Error bound: 1.000000e-06
ABS Error bound: 1.256115e-04
ENERGY: 4.614373e+02
TIME: 8.738302e-01
ENERGY: 4.257354e+02
TIME: 8.772126e-01
ENERGY: 5.205673e+02
TIME: 8.748967e-01
ENERGY: 4.271318e+02
TIME: 8.788900e-01
ENERGY: 4.345876e+02
TIME: 8.766457e-01
ENERGY: 5.174952e+02
TIME: 8.748793e-01
ENERGY: 4.266149e+02
TIME: 8.785506e-01
ENERGY: 4.695527e+02
TIME: 8.786045e-01
ENERGY: 4.825079e+02
TIME: 8.738619e-01
ENERGY: 4.260808e+02
TIME: 8.793341e-01
Dataset: s3d/stat_planar.1.1000E-03.field.d64
REL Error bound: 1.000000e-01
ABS Error bound: 1.538028e+00
ENERGY: 3.334245e+03
TIME: 6.288457e+00
ENERGY: 3.301553e+03
TIME: 6.290117e+00
ENERGY: 3.296790e+03
TIME: 6.284058e+00
ENERGY: 3.348841e+03
TIME: 6.285275e+00
ENERGY: 3.294411e+03
TIME: 6.281331e+00
ENERGY: 3.293648e+03
TIME: 6.278237e+00
ENERGY: 3.317268e+03
TIME: 6.278061e+00
ENERGY: 3.338531e+03
TIME: 6.281252e+00
ENERGY: 3.301731e+03
TIME: 6.278715e+00
ENERGY: 3.338802e+03
TIME: 6.277836e+00
