make: Nothing to be done for 'all'.
Compressor: mgard
Dataset: hacc/vx.f32
REL Error bound: 1.000000e-01
[31m[ERR][0m  Output too large (original size: 4.294906 GB, compressed size: 4.294906 GB, leftover buffer space: 0.000004 GB)
[31m[ERR][0m  Output too large (original size: 4.294906 GB, compressed size: 4.294906 GB, leftover buffer space: 0.000004 GB)
[31m[ERR][0m  Output too large (original size: 4.294906 GB, compressed size: 4.294906 GB, leftover buffer space: 0.000004 GB)
[31m[ERR][0m  Output too large (original size: 4.294906 GB, compressed size: 4.294906 GB, leftover buffer space: 0.000004 GB)
Compressor: mgard
Dataset: hacc/vx.f32
REL Error bound: 1.000000e-02
[31m[ERR][0m  Output too large (original size: 4.294906 GB, compressed size: 4.294906 GB, leftover buffer space: 0.000004 GB)
[31m[ERR][0m  Output too large (original size: 4.294906 GB, compressed size: 4.294906 GB, leftover buffer space: 0.000004 GB)
[31m[ERR][0m  Output too large (original size: 4.294906 GB, compressed size: 4.294906 GB, leftover buffer space: 0.000004 GB)
[31m[ERR][0m  Output too large (original size: 4.294906 GB, compressed size: 4.294906 GB, leftover buffer space: 0.000004 GB)
Compressor: mgard
Dataset: hacc/vx.f32
REL Error bound: 1.000000e-03
[31m[ERR][0m  Output too large (original size: 4.294906 GB, compressed size: 4.294906 GB, leftover buffer space: 0.000004 GB)
[31m[ERR][0m  Output too large (original size: 4.294906 GB, compressed size: 4.294906 GB, leftover buffer space: 0.000004 GB)
[31m[ERR][0m  Output too large (original size: 4.294906 GB, compressed size: 4.294906 GB, leftover buffer space: 0.000004 GB)
slurmstepd: error: *** JOB 25026359 ON e001 CANCELLED AT 2024-08-14T15:43:33 DUE TO TIME LIMIT ***
