make: Nothing to be done for 'all'.
Full path: /ocean/projects/cis240100p/gwilkins/nyx/temperature_2.f32
Inflated by 2
Dataset: nyx/temperature_2.f32
REL Error bound: 1.000000e-03
ABS Error bound: 4.780303e+03
ENERGY: 1.516647e+03
TIME: 5.060601e+00
ENERGY: 1.513128e+03
TIME: 5.055045e+00
ENERGY: 1.518494e+03
TIME: 5.064143e+00
ENERGY: 1.526608e+03
TIME: 5.063401e+00
ENERGY: 1.525412e+03
TIME: 5.065549e+00
ENERGY: 1.536502e+03
TIME: 5.071368e+00
ENERGY: 1.520835e+03
TIME: 5.055216e+00
ENERGY: 1.518641e+03
TIME: 5.054459e+00
ENERGY: 1.521617e+03
TIME: 5.058471e+00
ENERGY: 1.524470e+03
TIME: 5.055482e+00
Full path: /ocean/projects/cis240100p/gwilkins/nyx/temperature_3.f32
Inflated by 3
Dataset: nyx/temperature_3.f32
REL Error bound: 1.000000e-03
ABS Error bound: 4.780303e+03
ENERGY: 5.327792e+03
TIME: 1.673275e+01
ENERGY: 5.237592e+03
TIME: 1.668889e+01
ENERGY: 5.226883e+03
TIME: 1.668589e+01
ENERGY: 5.261795e+03
TIME: 1.669352e+01
ENERGY: 5.259300e+03
TIME: 1.668957e+01
ENERGY: 5.264374e+03
TIME: 1.669591e+01
ENERGY: 5.220079e+03
TIME: 1.668311e+01
ENERGY: 5.147867e+03
TIME: 1.669458e+01
ENERGY: 5.048691e+03
TIME: 1.668403e+01
ENERGY: 5.079100e+03
TIME: 1.668197e+01
Full path: /ocean/projects/cis240100p/gwilkins/nyx/temperature_4.f32
Inflated by 4
Dataset: nyx/temperature_4.f32
REL Error bound: 1.000000e-03
ABS Error bound: 4.780303e+03
ENERGY: 1.195564e+04
TIME: 3.902201e+01
ENERGY: 1.184350e+04
TIME: 3.900832e+01
ENERGY: 1.182172e+04
TIME: 3.903255e+01
ENERGY: 1.195983e+04
TIME: 3.902480e+01
ENERGY: 1.205530e+04
TIME: 3.899757e+01
ENERGY: 1.189283e+04
TIME: 3.900271e+01
ENERGY: 1.270022e+04
TIME: 3.915026e+01
ENERGY: 1.182374e+04
TIME: 3.901399e+01
ENERGY: 1.191485e+04
TIME: 3.901820e+01
ENERGY: 1.236432e+04
TIME: 3.907131e+01
Full path: /ocean/projects/cis240100p/gwilkins/nyx/temperature_5.f32
Inflated by 5
Dataset: nyx/temperature_5.f32
REL Error bound: 1.000000e-03
ABS Error bound: 4.780303e+03
ENERGY: 2.324220e+04
TIME: 7.404097e+01
ENERGY: 2.315030e+04
TIME: 7.417603e+01
ENERGY: 2.296443e+04
TIME: 7.408391e+01
ENERGY: 2.253567e+04
TIME: 7.390326e+01
ENERGY: 2.260540e+04
TIME: 7.391091e+01
ENERGY: 2.258950e+04
TIME: 7.394212e+01
ENERGY: 2.261819e+04
TIME: 7.396219e+01
ENERGY: 2.313001e+04
TIME: 7.402486e+01
ENERGY: 2.225339e+04
TIME: 7.395994e+01
ENERGY: 2.327718e+04
TIME: 7.407686e+01
